{"C:\\Users\\Patrick\\Documents\\Projects\\complex-js\\complex.ts": {"path":"C:\\Users\\Patrick\\Documents\\Projects\\complex-js\\complex.ts","statementMap":{"0":{"start":{"line":1,"column":0},"end":{"line":1,"column":41}},"1":{"start":{"line":2,"column":0},"end":{"line":2,"column":37}},"2":{"start":{"line":3,"column":0},"end":{"line":3,"column":34}},"3":{"start":{"line":4,"column":0},"end":{"line":4,"column":36}},"4":{"start":{"line":5,"column":0},"end":{"line":5,"column":38}},"5":{"start":{"line":6,"column":0},"end":{"line":6,"column":34}},"6":{"start":{"line":7,"column":0},"end":{"line":7,"column":36}},"7":{"start":{"line":8,"column":0},"end":{"line":8,"column":38}},"8":{"start":{"line":9,"column":0},"end":{"line":9,"column":36}},"9":{"start":{"line":10,"column":0},"end":{"line":10,"column":38}},"10":{"start":{"line":11,"column":0},"end":{"line":11,"column":36}},"11":{"start":{"line":12,"column":0},"end":{"line":12,"column":36}},"12":{"start":{"line":13,"column":0},"end":{"line":13,"column":36}},"13":{"start":{"line":14,"column":0},"end":{"line":14,"column":34}},"14":{"start":{"line":15,"column":0},"end":{"line":15,"column":36}},"15":{"start":{"line":16,"column":0},"end":{"line":16,"column":36}},"16":{"start":{"line":17,"column":0},"end":{"line":17,"column":34}},"17":{"start":{"line":18,"column":0},"end":{"line":18,"column":38}},"18":{"start":{"line":19,"column":0},"end":{"line":19,"column":36}},"19":{"start":{"line":20,"column":0},"end":{"line":20,"column":36}},"20":{"start":{"line":21,"column":0},"end":{"line":21,"column":34}},"21":{"start":{"line":22,"column":0},"end":{"line":22,"column":34}},"22":{"start":{"line":23,"column":0},"end":{"line":23,"column":34}},"23":{"start":{"line":24,"column":0},"end":{"line":24,"column":38}},"24":{"start":{"line":25,"column":0},"end":{"line":25,"column":40}},"25":{"start":{"line":26,"column":0},"end":{"line":26,"column":36}},"26":{"start":{"line":27,"column":0},"end":{"line":27,"column":38}},"27":{"start":{"line":28,"column":0},"end":{"line":28,"column":36}},"28":{"start":{"line":29,"column":0},"end":{"line":29,"column":34}},"29":{"start":{"line":30,"column":0},"end":{"line":30,"column":36}},"30":{"start":{"line":31,"column":0},"end":{"line":31,"column":36}},"31":{"start":{"line":32,"column":0},"end":{"line":32,"column":40}},"32":{"start":{"line":33,"column":0},"end":{"line":33,"column":34}},"33":{"start":{"line":34,"column":0},"end":{"line":34,"column":36}},"34":{"start":{"line":35,"column":0},"end":{"line":35,"column":38}},"35":{"start":{"line":37,"column":0},"end":{"line":37,"column":32}},"36":{"start":{"line":38,"column":0},"end":{"line":38,"column":32}},"37":{"start":{"line":39,"column":0},"end":{"line":39,"column":32}},"38":{"start":{"line":40,"column":0},"end":{"line":40,"column":38}},"39":{"start":{"line":41,"column":0},"end":{"line":41,"column":38}},"40":{"start":{"line":42,"column":0},"end":{"line":42,"column":38}},"41":{"start":{"line":43,"column":0},"end":{"line":43,"column":40}},"42":{"start":{"line":44,"column":0},"end":{"line":44,"column":40}},"43":{"start":{"line":45,"column":0},"end":{"line":45,"column":32}},"44":{"start":{"line":46,"column":0},"end":{"line":46,"column":32}},"45":{"start":{"line":47,"column":0},"end":{"line":47,"column":30}},"46":{"start":{"line":48,"column":0},"end":{"line":48,"column":32}},"47":{"start":{"line":49,"column":0},"end":{"line":49,"column":32}},"48":{"start":{"line":50,"column":0},"end":{"line":50,"column":32}},"49":{"start":{"line":51,"column":0},"end":{"line":51,"column":32}},"50":{"start":{"line":52,"column":0},"end":{"line":52,"column":32}},"51":{"start":{"line":53,"column":0},"end":{"line":53,"column":42}},"52":{"start":{"line":54,"column":0},"end":{"line":54,"column":32}},"53":{"start":{"line":309,"column":4},"end":{"line":309,"column":27}},"54":{"start":{"line":310,"column":4},"end":{"line":310,"column":27}},"55":{"start":{"line":311,"column":4},"end":{"line":311,"column":25}},"56":{"start":{"line":313,"column":4},"end":{"line":313,"column":61}},"57":{"start":{"line":314,"column":4},"end":{"line":314,"column":23}},"58":{"start":{"line":78,"column":4},"end":{"line":78,"column":31}},"59":{"start":{"line":82,"column":4},"end":{"line":82,"column":59}},"60":{"start":{"line":86,"column":4},"end":{"line":86,"column":36}},"61":{"start":{"line":92,"column":4},"end":{"line":92,"column":31}},"62":{"start":{"line":98,"column":4},"end":{"line":98,"column":31}},"63":{"start":{"line":104,"column":4},"end":{"line":104,"column":30}},"64":{"start":{"line":110,"column":4},"end":{"line":110,"column":30}},"65":{"start":{"line":116,"column":4},"end":{"line":116,"column":30}},"66":{"start":{"line":122,"column":4},"end":{"line":122,"column":31}},"67":{"start":{"line":128,"column":4},"end":{"line":128,"column":32}},"68":{"start":{"line":134,"column":4},"end":{"line":134,"column":31}},"69":{"start":{"line":140,"column":4},"end":{"line":140,"column":32}},"70":{"start":{"line":146,"column":4},"end":{"line":146,"column":31}},"71":{"start":{"line":152,"column":4},"end":{"line":152,"column":32}},"72":{"start":{"line":158,"column":4},"end":{"line":158,"column":30}},"73":{"start":{"line":162,"column":4},"end":{"line":162,"column":27}},"74":{"start":{"line":168,"column":4},"end":{"line":168,"column":31}},"75":{"start":{"line":174,"column":4},"end":{"line":174,"column":31}},"76":{"start":{"line":180,"column":4},"end":{"line":180,"column":33}},"77":{"start":{"line":186,"column":4},"end":{"line":186,"column":31}},"78":{"start":{"line":192,"column":4},"end":{"line":192,"column":30}},"79":{"start":{"line":198,"column":4},"end":{"line":198,"column":30}},"80":{"start":{"line":204,"column":4},"end":{"line":204,"column":30}},"81":{"start":{"line":210,"column":4},"end":{"line":210,"column":30}},"82":{"start":{"line":216,"column":4},"end":{"line":216,"column":30}},"83":{"start":{"line":222,"column":4},"end":{"line":222,"column":31}},"84":{"start":{"line":228,"column":4},"end":{"line":228,"column":31}},"85":{"start":{"line":234,"column":4},"end":{"line":234,"column":31}},"86":{"start":{"line":240,"column":4},"end":{"line":240,"column":31}},"87":{"start":{"line":246,"column":4},"end":{"line":246,"column":31}},"88":{"start":{"line":252,"column":4},"end":{"line":252,"column":31}},"89":{"start":{"line":258,"column":4},"end":{"line":258,"column":32}},"90":{"start":{"line":264,"column":4},"end":{"line":264,"column":32}},"91":{"start":{"line":270,"column":4},"end":{"line":270,"column":32}},"92":{"start":{"line":274,"column":4},"end":{"line":274,"column":41}},"93":{"start":{"line":280,"column":4},"end":{"line":280,"column":43}},"94":{"start":{"line":318,"column":4},"end":{"line":318,"column":25}},"95":{"start":{"line":322,"column":4},"end":{"line":322,"column":25}},"96":{"start":{"line":326,"column":4},"end":{"line":326,"column":24}},"97":{"start":{"line":330,"column":4},"end":{"line":330,"column":24}},"98":{"start":{"line":334,"column":4},"end":{"line":334,"column":34}},"99":{"start":{"line":340,"column":4},"end":{"line":340,"column":30}},"100":{"start":{"line":346,"column":4},"end":{"line":346,"column":36}},"101":{"start":{"line":352,"column":4},"end":{"line":352,"column":36}},"102":{"start":{"line":358,"column":4},"end":{"line":358,"column":36}},"103":{"start":{"line":364,"column":4},"end":{"line":364,"column":36}},"104":{"start":{"line":370,"column":4},"end":{"line":370,"column":36}},"105":{"start":{"line":376,"column":4},"end":{"line":376,"column":36}},"106":{"start":{"line":382,"column":4},"end":{"line":382,"column":36}},"107":{"start":{"line":388,"column":4},"end":{"line":388,"column":35}},"108":{"start":{"line":394,"column":4},"end":{"line":394,"column":36}},"109":{"start":{"line":400,"column":4},"end":{"line":400,"column":36}},"110":{"start":{"line":405,"column":4},"end":{"line":405,"column":36}},"111":{"start":{"line":411,"column":4},"end":{"line":411,"column":36}},"112":{"start":{"line":417,"column":4},"end":{"line":417,"column":36}},"113":{"start":{"line":62,"column":0},"end":{"line":62,"column":21}},"114":{"start":{"line":63,"column":25},"end":{"line":63,"column":47}},"115":{"start":{"line":64,"column":25},"end":{"line":64,"column":47}},"116":{"start":{"line":65,"column":25},"end":{"line":65,"column":50}},"117":{"start":{"line":66,"column":25},"end":{"line":66,"column":52}},"118":{"start":{"line":67,"column":25},"end":{"line":67,"column":56}},"119":{"start":{"line":68,"column":25},"end":{"line":68,"column":58}},"120":{"start":{"line":69,"column":25},"end":{"line":69,"column":60}},"121":{"start":{"line":70,"column":25},"end":{"line":70,"column":62}},"122":{"start":{"line":71,"column":25},"end":{"line":71,"column":54}},"123":{"start":{"line":72,"column":25},"end":{"line":72,"column":64}},"124":{"start":{"line":73,"column":25},"end":{"line":73,"column":60}}},"fnMap":{"0":{"name":"(anonymous_1)","decl":{"start":{"line":307,"column":2},"end":{"line":307,"column":22}},"loc":{"start":{"line":307,"column":91},"end":{"line":315,"column":3}}},"1":{"name":"(anonymous_2)","decl":{"start":{"line":77,"column":9},"end":{"line":77,"column":15}},"loc":{"start":{"line":77,"column":53},"end":{"line":79,"column":3}}},"2":{"name":"(anonymous_3)","decl":{"start":{"line":81,"column":9},"end":{"line":81,"column":15}},"loc":{"start":{"line":81,"column":43},"end":{"line":83,"column":3}}},"3":{"name":"(anonymous_4)","decl":{"start":{"line":85,"column":9},"end":{"line":85,"column":15}},"loc":{"start":{"line":85,"column":48},"end":{"line":87,"column":3}}},"4":{"name":"(anonymous_5)","decl":{"start":{"line":91,"column":9},"end":{"line":91,"column":15}},"loc":{"start":{"line":91,"column":53},"end":{"line":93,"column":3}}},"5":{"name":"(anonymous_6)","decl":{"start":{"line":97,"column":9},"end":{"line":97,"column":15}},"loc":{"start":{"line":97,"column":53},"end":{"line":99,"column":3}}},"6":{"name":"(anonymous_7)","decl":{"start":{"line":103,"column":9},"end":{"line":103,"column":15}},"loc":{"start":{"line":103,"column":52},"end":{"line":105,"column":3}}},"7":{"name":"(anonymous_8)","decl":{"start":{"line":109,"column":9},"end":{"line":109,"column":15}},"loc":{"start":{"line":109,"column":52},"end":{"line":111,"column":3}}},"8":{"name":"(anonymous_9)","decl":{"start":{"line":115,"column":9},"end":{"line":115,"column":15}},"loc":{"start":{"line":115,"column":52},"end":{"line":117,"column":3}}},"9":{"name":"(anonymous_10)","decl":{"start":{"line":121,"column":9},"end":{"line":121,"column":15}},"loc":{"start":{"line":121,"column":53},"end":{"line":123,"column":3}}},"10":{"name":"(anonymous_11)","decl":{"start":{"line":127,"column":9},"end":{"line":127,"column":15}},"loc":{"start":{"line":127,"column":54},"end":{"line":129,"column":3}}},"11":{"name":"(anonymous_12)","decl":{"start":{"line":133,"column":9},"end":{"line":133,"column":15}},"loc":{"start":{"line":133,"column":53},"end":{"line":135,"column":3}}},"12":{"name":"(anonymous_13)","decl":{"start":{"line":139,"column":9},"end":{"line":139,"column":15}},"loc":{"start":{"line":139,"column":54},"end":{"line":141,"column":3}}},"13":{"name":"(anonymous_14)","decl":{"start":{"line":145,"column":9},"end":{"line":145,"column":15}},"loc":{"start":{"line":145,"column":53},"end":{"line":147,"column":3}}},"14":{"name":"(anonymous_15)","decl":{"start":{"line":151,"column":9},"end":{"line":151,"column":15}},"loc":{"start":{"line":151,"column":54},"end":{"line":153,"column":3}}},"15":{"name":"(anonymous_16)","decl":{"start":{"line":157,"column":9},"end":{"line":157,"column":15}},"loc":{"start":{"line":157,"column":52},"end":{"line":159,"column":3}}},"16":{"name":"(anonymous_17)","decl":{"start":{"line":161,"column":9},"end":{"line":161,"column":15}},"loc":{"start":{"line":161,"column":22},"end":{"line":163,"column":3}}},"17":{"name":"(anonymous_18)","decl":{"start":{"line":167,"column":9},"end":{"line":167,"column":15}},"loc":{"start":{"line":167,"column":53},"end":{"line":169,"column":3}}},"18":{"name":"(anonymous_19)","decl":{"start":{"line":173,"column":9},"end":{"line":173,"column":15}},"loc":{"start":{"line":173,"column":53},"end":{"line":175,"column":3}}},"19":{"name":"(anonymous_20)","decl":{"start":{"line":179,"column":9},"end":{"line":179,"column":15}},"loc":{"start":{"line":179,"column":55},"end":{"line":181,"column":3}}},"20":{"name":"(anonymous_21)","decl":{"start":{"line":185,"column":9},"end":{"line":185,"column":15}},"loc":{"start":{"line":185,"column":53},"end":{"line":187,"column":3}}},"21":{"name":"(anonymous_22)","decl":{"start":{"line":191,"column":9},"end":{"line":191,"column":15}},"loc":{"start":{"line":191,"column":52},"end":{"line":193,"column":3}}},"22":{"name":"(anonymous_23)","decl":{"start":{"line":197,"column":9},"end":{"line":197,"column":15}},"loc":{"start":{"line":197,"column":52},"end":{"line":199,"column":3}}},"23":{"name":"(anonymous_24)","decl":{"start":{"line":203,"column":9},"end":{"line":203,"column":15}},"loc":{"start":{"line":203,"column":52},"end":{"line":205,"column":3}}},"24":{"name":"(anonymous_25)","decl":{"start":{"line":209,"column":9},"end":{"line":209,"column":15}},"loc":{"start":{"line":209,"column":52},"end":{"line":211,"column":3}}},"25":{"name":"(anonymous_26)","decl":{"start":{"line":215,"column":9},"end":{"line":215,"column":15}},"loc":{"start":{"line":215,"column":52},"end":{"line":217,"column":3}}},"26":{"name":"(anonymous_27)","decl":{"start":{"line":221,"column":9},"end":{"line":221,"column":15}},"loc":{"start":{"line":221,"column":53},"end":{"line":223,"column":3}}},"27":{"name":"(anonymous_28)","decl":{"start":{"line":227,"column":9},"end":{"line":227,"column":15}},"loc":{"start":{"line":227,"column":53},"end":{"line":229,"column":3}}},"28":{"name":"(anonymous_29)","decl":{"start":{"line":233,"column":9},"end":{"line":233,"column":15}},"loc":{"start":{"line":233,"column":53},"end":{"line":235,"column":3}}},"29":{"name":"(anonymous_30)","decl":{"start":{"line":239,"column":9},"end":{"line":239,"column":15}},"loc":{"start":{"line":239,"column":53},"end":{"line":241,"column":3}}},"30":{"name":"(anonymous_31)","decl":{"start":{"line":245,"column":9},"end":{"line":245,"column":15}},"loc":{"start":{"line":245,"column":53},"end":{"line":247,"column":3}}},"31":{"name":"(anonymous_32)","decl":{"start":{"line":251,"column":9},"end":{"line":251,"column":15}},"loc":{"start":{"line":251,"column":53},"end":{"line":253,"column":3}}},"32":{"name":"(anonymous_33)","decl":{"start":{"line":257,"column":9},"end":{"line":257,"column":15}},"loc":{"start":{"line":257,"column":54},"end":{"line":259,"column":3}}},"33":{"name":"(anonymous_34)","decl":{"start":{"line":263,"column":9},"end":{"line":263,"column":15}},"loc":{"start":{"line":263,"column":54},"end":{"line":265,"column":3}}},"34":{"name":"(anonymous_35)","decl":{"start":{"line":269,"column":9},"end":{"line":269,"column":15}},"loc":{"start":{"line":269,"column":54},"end":{"line":271,"column":3}}},"35":{"name":"(anonymous_36)","decl":{"start":{"line":273,"column":9},"end":{"line":273,"column":15}},"loc":{"start":{"line":273,"column":55},"end":{"line":275,"column":3}}},"36":{"name":"(anonymous_37)","decl":{"start":{"line":279,"column":9},"end":{"line":279,"column":15}},"loc":{"start":{"line":279,"column":77},"end":{"line":281,"column":3}}},"37":{"name":"(anonymous_38)","decl":{"start":{"line":317,"column":2},"end":{"line":317,"column":13}},"loc":{"start":{"line":317,"column":17},"end":{"line":319,"column":3}}},"38":{"name":"(anonymous_39)","decl":{"start":{"line":321,"column":2},"end":{"line":321,"column":13}},"loc":{"start":{"line":321,"column":17},"end":{"line":323,"column":3}}},"39":{"name":"(anonymous_40)","decl":{"start":{"line":325,"column":2},"end":{"line":325,"column":13}},"loc":{"start":{"line":325,"column":16},"end":{"line":327,"column":3}}},"40":{"name":"(anonymous_41)","decl":{"start":{"line":329,"column":2},"end":{"line":329,"column":13}},"loc":{"start":{"line":329,"column":16},"end":{"line":331,"column":3}}},"41":{"name":"(anonymous_42)","decl":{"start":{"line":333,"column":9},"end":{"line":333,"column":17}},"loc":{"start":{"line":333,"column":34},"end":{"line":335,"column":3}}},"42":{"name":"(anonymous_43)","decl":{"start":{"line":339,"column":9},"end":{"line":339,"column":15}},"loc":{"start":{"line":339,"column":48},"end":{"line":341,"column":3}}},"43":{"name":"(anonymous_44)","decl":{"start":{"line":345,"column":9},"end":{"line":345,"column":12}},"loc":{"start":{"line":345,"column":45},"end":{"line":347,"column":3}}},"44":{"name":"(anonymous_45)","decl":{"start":{"line":351,"column":9},"end":{"line":351,"column":12}},"loc":{"start":{"line":351,"column":45},"end":{"line":353,"column":3}}},"45":{"name":"(anonymous_46)","decl":{"start":{"line":357,"column":9},"end":{"line":357,"column":12}},"loc":{"start":{"line":357,"column":45},"end":{"line":359,"column":3}}},"46":{"name":"(anonymous_47)","decl":{"start":{"line":363,"column":9},"end":{"line":363,"column":12}},"loc":{"start":{"line":363,"column":45},"end":{"line":365,"column":3}}},"47":{"name":"(anonymous_48)","decl":{"start":{"line":369,"column":9},"end":{"line":369,"column":12}},"loc":{"start":{"line":369,"column":45},"end":{"line":371,"column":3}}},"48":{"name":"(anonymous_49)","decl":{"start":{"line":375,"column":9},"end":{"line":375,"column":12}},"loc":{"start":{"line":375,"column":45},"end":{"line":377,"column":3}}},"49":{"name":"(anonymous_50)","decl":{"start":{"line":381,"column":9},"end":{"line":381,"column":12}},"loc":{"start":{"line":381,"column":45},"end":{"line":383,"column":3}}},"50":{"name":"(anonymous_51)","decl":{"start":{"line":387,"column":9},"end":{"line":387,"column":11}},"loc":{"start":{"line":387,"column":44},"end":{"line":389,"column":3}}},"51":{"name":"(anonymous_52)","decl":{"start":{"line":393,"column":9},"end":{"line":393,"column":12}},"loc":{"start":{"line":393,"column":45},"end":{"line":395,"column":3}}},"52":{"name":"(anonymous_53)","decl":{"start":{"line":399,"column":9},"end":{"line":399,"column":12}},"loc":{"start":{"line":399,"column":45},"end":{"line":401,"column":3}}},"53":{"name":"(anonymous_54)","decl":{"start":{"line":404,"column":9},"end":{"line":404,"column":12}},"loc":{"start":{"line":404,"column":45},"end":{"line":406,"column":3}}},"54":{"name":"(anonymous_55)","decl":{"start":{"line":410,"column":9},"end":{"line":410,"column":12}},"loc":{"start":{"line":410,"column":45},"end":{"line":412,"column":3}}},"55":{"name":"(anonymous_56)","decl":{"start":{"line":416,"column":9},"end":{"line":416,"column":12}},"loc":{"start":{"line":416,"column":45},"end":{"line":418,"column":3}}}},"branchMap":{"0":{"loc":{"start":{"line":81,"column":42},"end":{"line":81,"column":43}},"type":"default-arg","locations":[{"start":{"line":81,"column":42},"end":{"line":81,"column":43}}]}},"s":{"0":0,"1":0,"2":0,"3":0,"4":0,"5":0,"6":0,"7":0,"8":0,"9":0,"10":0,"11":0,"12":0,"13":0,"14":0,"15":0,"16":0,"17":0,"18":0,"19":0,"20":0,"21":0,"22":0,"23":0,"24":0,"25":0,"26":0,"27":0,"28":0,"29":0,"30":0,"31":0,"32":0,"33":0,"34":0,"35":0,"36":0,"37":0,"38":0,"39":0,"40":0,"41":0,"42":0,"43":0,"44":0,"45":0,"46":0,"47":0,"48":0,"49":0,"50":0,"51":0,"52":0,"53":0,"54":0,"55":0,"56":0,"57":0,"58":0,"59":0,"60":0,"61":0,"62":0,"63":0,"64":0,"65":0,"66":0,"67":0,"68":0,"69":0,"70":0,"71":0,"72":0,"73":0,"74":0,"75":0,"76":0,"77":0,"78":0,"79":0,"80":0,"81":0,"82":0,"83":0,"84":0,"85":0,"86":0,"87":0,"88":0,"89":0,"90":0,"91":0,"92":0,"93":0,"94":0,"95":0,"96":0,"97":0,"98":0,"99":0,"100":0,"101":0,"102":0,"103":0,"104":0,"105":0,"106":0,"107":0,"108":0,"109":0,"110":0,"111":0,"112":0,"113":0,"114":0,"115":0,"116":0,"117":0,"118":0,"119":0,"120":0,"121":0,"122":0,"123":0,"124":0},"f":{"0":0,"1":0,"2":0,"3":0,"4":0,"5":0,"6":0,"7":0,"8":0,"9":0,"10":0,"11":0,"12":0,"13":0,"14":0,"15":0,"16":0,"17":0,"18":0,"19":0,"20":0,"21":0,"22":0,"23":0,"24":0,"25":0,"26":0,"27":0,"28":0,"29":0,"30":0,"31":0,"32":0,"33":0,"34":0,"35":0,"36":0,"37":0,"38":0,"39":0,"40":0,"41":0,"42":0,"43":0,"44":0,"45":0,"46":0,"47":0,"48":0,"49":0,"50":0,"51":0,"52":0,"53":0,"54":0,"55":0},"b":{"0":[0]}}
,"C:\\Users\\Patrick\\Documents\\Projects\\complex-js\\compiler\\binary.ts": {"path":"C:\\Users\\Patrick\\Documents\\Projects\\complex-js\\compiler\\binary.ts","statementMap":{"0":{"start":{"line":1,"column":0},"end":{"line":1,"column":33}},"1":{"start":{"line":2,"column":0},"end":{"line":2,"column":33}},"2":{"start":{"line":3,"column":0},"end":{"line":3,"column":33}},"3":{"start":{"line":4,"column":0},"end":{"line":4,"column":33}},"4":{"start":{"line":5,"column":0},"end":{"line":5,"column":33}},"5":{"start":{"line":6,"column":0},"end":{"line":6,"column":31}},"6":{"start":{"line":7,"column":0},"end":{"line":7,"column":33}},"7":{"start":{"line":8,"column":0},"end":{"line":8,"column":33}},"8":{"start":{"line":9,"column":0},"end":{"line":9,"column":33}},"9":{"start":{"line":10,"column":0},"end":{"line":10,"column":33}},"10":{"start":{"line":11,"column":0},"end":{"line":11,"column":33}},"11":{"start":{"line":12,"column":0},"end":{"line":12,"column":33}},"12":{"start":{"line":14,"column":13},"end":{"line":27,"column":2}}},"fnMap":{},"branchMap":{},"s":{"0":0,"1":0,"2":0,"3":0,"4":0,"5":0,"6":0,"7":0,"8":0,"9":0,"10":0,"11":0,"12":0},"f":{},"b":{}}
,"C:\\Users\\Patrick\\Documents\\Projects\\complex-js\\compiler\\call.ts": {"path":"C:\\Users\\Patrick\\Documents\\Projects\\complex-js\\compiler\\call.ts","statementMap":{"0":{"start":{"line":1,"column":0},"end":{"line":1,"column":35}},"1":{"start":{"line":2,"column":0},"end":{"line":2,"column":37}},"2":{"start":{"line":3,"column":0},"end":{"line":3,"column":39}},"3":{"start":{"line":4,"column":0},"end":{"line":4,"column":35}},"4":{"start":{"line":5,"column":0},"end":{"line":5,"column":37}},"5":{"start":{"line":6,"column":0},"end":{"line":6,"column":39}},"6":{"start":{"line":7,"column":0},"end":{"line":7,"column":37}},"7":{"start":{"line":8,"column":0},"end":{"line":8,"column":39}},"8":{"start":{"line":9,"column":0},"end":{"line":9,"column":37}},"9":{"start":{"line":10,"column":0},"end":{"line":10,"column":37}},"10":{"start":{"line":11,"column":0},"end":{"line":11,"column":37}},"11":{"start":{"line":12,"column":0},"end":{"line":12,"column":35}},"12":{"start":{"line":13,"column":0},"end":{"line":13,"column":37}},"13":{"start":{"line":14,"column":0},"end":{"line":14,"column":37}},"14":{"start":{"line":15,"column":0},"end":{"line":15,"column":35}},"15":{"start":{"line":16,"column":0},"end":{"line":16,"column":39}},"16":{"start":{"line":17,"column":0},"end":{"line":17,"column":37}},"17":{"start":{"line":18,"column":0},"end":{"line":18,"column":35}},"18":{"start":{"line":19,"column":0},"end":{"line":19,"column":41}},"19":{"start":{"line":20,"column":0},"end":{"line":20,"column":37}},"20":{"start":{"line":21,"column":0},"end":{"line":21,"column":39}},"21":{"start":{"line":22,"column":0},"end":{"line":22,"column":37}},"22":{"start":{"line":23,"column":0},"end":{"line":23,"column":35}},"23":{"start":{"line":24,"column":0},"end":{"line":24,"column":37}},"24":{"start":{"line":25,"column":0},"end":{"line":25,"column":37}},"25":{"start":{"line":26,"column":0},"end":{"line":26,"column":41}},"26":{"start":{"line":27,"column":0},"end":{"line":27,"column":35}},"27":{"start":{"line":28,"column":0},"end":{"line":28,"column":37}},"28":{"start":{"line":29,"column":0},"end":{"line":29,"column":39}},"29":{"start":{"line":31,"column":13},"end":{"line":61,"column":2}}},"fnMap":{},"branchMap":{},"s":{"0":0,"1":0,"2":0,"3":0,"4":0,"5":0,"6":0,"7":0,"8":0,"9":0,"10":0,"11":0,"12":0,"13":0,"14":0,"15":0,"16":0,"17":0,"18":0,"19":0,"20":0,"21":0,"22":0,"23":0,"24":0,"25":0,"26":0,"27":0,"28":0,"29":0},"f":{},"b":{}}
,"C:\\Users\\Patrick\\Documents\\Projects\\complex-js\\compiler\\compile.ts": {"path":"C:\\Users\\Patrick\\Documents\\Projects\\complex-js\\compiler\\compile.ts","statementMap":{"0":{"start":{"line":3,"column":0},"end":{"line":3,"column":34}},"1":{"start":{"line":10,"column":19},"end":{"line":10,"column":42}},"2":{"start":{"line":12,"column":2},"end":{"line":14,"column":null}},"3":{"start":{"line":13,"column":4},"end":{"line":13,"column":54}},"4":{"start":{"line":13,"column":27},"end":{"line":13,"column":53}},"5":{"start":{"line":16,"column":12},"end":{"line":16,"column":24}},"6":{"start":{"line":18,"column":2},"end":{"line":18,"column":17}},"7":{"start":{"line":18,"column":15},"end":{"line":18,"column":16}},"8":{"start":{"line":5,"column":0},"end":{"line":5,"column":24}}},"fnMap":{"0":{"name":"compile","decl":{"start":{"line":5,"column":24},"end":{"line":5,"column":31}},"loc":{"start":{"line":8,"column":25},"end":{"line":19,"column":1}}},"1":{"name":"(anonymous_2)","decl":{"start":{"line":13,"column":11},"end":{"line":13,"column":12}},"loc":{"start":{"line":13,"column":27},"end":{"line":13,"column":53}}},"2":{"name":"(anonymous_3)","decl":{"start":{"line":18,"column":9},"end":{"line":18,"column":12}},"loc":{"start":{"line":18,"column":15},"end":{"line":18,"column":16}}}},"branchMap":{"0":{"loc":{"start":{"line":12,"column":2},"end":{"line":14,"column":null}},"type":"if","locations":[{"start":{"line":12,"column":2},"end":{"line":14,"column":null}},{"start":{"line":12,"column":2},"end":{"line":14,"column":null}}]}},"s":{"0":0,"1":0,"2":0,"3":0,"4":0,"5":0,"6":0,"7":0,"8":0},"f":{"0":0,"1":0,"2":0},"b":{"0":[0,0]}}
,"C:\\Users\\Patrick\\Documents\\Projects\\complex-js\\compiler\\expressions.ts": {"path":"C:\\Users\\Patrick\\Documents\\Projects\\complex-js\\compiler\\expressions.ts","statementMap":{"0":{"start":{"line":1,"column":0},"end":{"line":1,"column":37}},"1":{"start":{"line":3,"column":0},"end":{"line":3,"column":48}},"2":{"start":{"line":4,"column":0},"end":{"line":4,"column":36}},"3":{"start":{"line":5,"column":0},"end":{"line":5,"column":45}},"4":{"start":{"line":18,"column":2},"end":{"line":18,"column":28}},"5":{"start":{"line":22,"column":2},"end":{"line":22,"column":34}},"6":{"start":{"line":27,"column":13},"end":{"line":35,"column":2}},"7":{"start":{"line":28,"column":27},"end":{"line":28,"column":31}},"8":{"start":{"line":30,"column":2},"end":{"line":34,"column":4}},"9":{"start":{"line":31,"column":14},"end":{"line":31,"column":51}},"10":{"start":{"line":33,"column":4},"end":{"line":33,"column":22}},"11":{"start":{"line":33,"column":20},"end":{"line":33,"column":21}},"12":{"start":{"line":38,"column":12},"end":{"line":38,"column":26}},"13":{"start":{"line":39,"column":2},"end":{"line":39,"column":42}},"14":{"start":{"line":43,"column":2},"end":{"line":43,"column":53}},"15":{"start":{"line":46,"column":13},"end":{"line":57,"column":2}},"16":{"start":{"line":47,"column":27},"end":{"line":47,"column":31}},"17":{"start":{"line":48,"column":19},"end":{"line":48,"column":53}},"18":{"start":{"line":50,"column":2},"end":{"line":56,"column":4}},"19":{"start":{"line":50,"column":35},"end":{"line":56,"column":3}},"20":{"start":{"line":51,"column":4},"end":{"line":53,"column":null}},"21":{"start":{"line":52,"column":6},"end":{"line":52,"column":39}},"22":{"start":{"line":55,"column":4},"end":{"line":55,"column":25}},"23":{"start":{"line":60,"column":2},"end":{"line":60,"column":56}},"24":{"start":{"line":64,"column":2},"end":{"line":64,"column":47}},"25":{"start":{"line":67,"column":13},"end":{"line":102,"column":2}},"26":{"start":{"line":68,"column":42},"end":{"line":68,"column":46}},"27":{"start":{"line":69,"column":19},"end":{"line":69,"column":53}},"28":{"start":{"line":71,"column":2},"end":{"line":73,"column":null}},"29":{"start":{"line":72,"column":4},"end":{"line":72,"column":37}},"30":{"start":{"line":75,"column":2},"end":{"line":101,"column":4}},"31":{"start":{"line":76,"column":15},"end":{"line":76,"column":87}},"32":{"start":{"line":77,"column":23},"end":{"line":77,"column":90}},"33":{"start":{"line":77,"column":70},"end":{"line":77,"column":89}},"34":{"start":{"line":79,"column":4},"end":{"line":89,"column":null}},"35":{"start":{"line":80,"column":19},"end":{"line":84,"column":null}},"36":{"start":{"line":83,"column":22},"end":{"line":83,"column":32}},"37":{"start":{"line":86,"column":16},"end":{"line":86,"column":27}},"38":{"start":{"line":88,"column":6},"end":{"line":88,"column":21}},"39":{"start":{"line":88,"column":19},"end":{"line":88,"column":20}},"40":{"start":{"line":91,"column":4},"end":{"line":100,"column":6}},"41":{"start":{"line":92,"column":19},"end":{"line":96,"column":null}},"42":{"start":{"line":95,"column":22},"end":{"line":95,"column":39}},"43":{"start":{"line":99,"column":6},"end":{"line":99,"column":25}},"44":{"start":{"line":104,"column":13},"end":{"line":119,"column":2}},"45":{"start":{"line":105,"column":37},"end":{"line":105,"column":41}},"46":{"start":{"line":107,"column":2},"end":{"line":118,"column":4}},"47":{"start":{"line":108,"column":15},"end":{"line":108,"column":53}},"48":{"start":{"line":109,"column":22},"end":{"line":109,"column":56}},"49":{"start":{"line":111,"column":4},"end":{"line":115,"column":null}},"50":{"start":{"line":112,"column":16},"end":{"line":112,"column":39}},"51":{"start":{"line":114,"column":6},"end":{"line":114,"column":21}},"52":{"start":{"line":114,"column":19},"end":{"line":114,"column":20}},"53":{"start":{"line":117,"column":4},"end":{"line":117,"column":53}},"54":{"start":{"line":117,"column":22},"end":{"line":117,"column":52}},"55":{"start":{"line":121,"column":13},"end":{"line":137,"column":2}},"56":{"start":{"line":122,"column":57},"end":{"line":122,"column":61}},"57":{"start":{"line":124,"column":2},"end":{"line":136,"column":4}},"58":{"start":{"line":125,"column":15},"end":{"line":125,"column":55}},"59":{"start":{"line":126,"column":17},"end":{"line":126,"column":54}},"60":{"start":{"line":127,"column":17},"end":{"line":127,"column":54}},"61":{"start":{"line":129,"column":4},"end":{"line":133,"column":null}},"62":{"start":{"line":130,"column":16},"end":{"line":130,"column":41}},"63":{"start":{"line":132,"column":6},"end":{"line":132,"column":21}},"64":{"start":{"line":132,"column":19},"end":{"line":132,"column":20}},"65":{"start":{"line":135,"column":4},"end":{"line":135,"column":62}},"66":{"start":{"line":135,"column":22},"end":{"line":135,"column":61}}},"fnMap":{"0":{"name":"isConstant","decl":{"start":{"line":17,"column":9},"end":{"line":17,"column":19}},"loc":{"start":{"line":17,"column":58},"end":{"line":19,"column":1}}},"1":{"name":"areConstant","decl":{"start":{"line":21,"column":9},"end":{"line":21,"column":20}},"loc":{"start":{"line":21,"column":62},"end":{"line":23,"column":1}}},"2":{"name":"(anonymous_3)","decl":{"start":{"line":27,"column":23},"end":{"line":27,"column":24}},"loc":{"start":{"line":27,"column":55},"end":{"line":35,"column":1}}},"3":{"name":"(anonymous_4)","decl":{"start":{"line":30,"column":9},"end":{"line":30,"column":30}},"loc":{"start":{"line":30,"column":78},"end":{"line":34,"column":3}}},"4":{"name":"(anonymous_5)","decl":{"start":{"line":33,"column":11},"end":{"line":33,"column":17}},"loc":{"start":{"line":33,"column":20},"end":{"line":33,"column":21}}},"5":{"name":"isIndex","decl":{"start":{"line":37,"column":9},"end":{"line":37,"column":16}},"loc":{"start":{"line":37,"column":60},"end":{"line":40,"column":1}}},"6":{"name":"throwInvalidIdentifierName","decl":{"start":{"line":42,"column":9},"end":{"line":42,"column":35}},"loc":{"start":{"line":42,"column":48},"end":{"line":44,"column":1}}},"7":{"name":"(anonymous_8)","decl":{"start":{"line":46,"column":26},"end":{"line":46,"column":27}},"loc":{"start":{"line":46,"column":58},"end":{"line":57,"column":1}}},"8":{"name":"(anonymous_9)","decl":{"start":{"line":50,"column":9},"end":{"line":50,"column":32}},"loc":{"start":{"line":50,"column":35},"end":{"line":56,"column":3}}},"9":{"name":"(anonymous_10)","decl":{"start":{"line":50,"column":35},"end":{"line":50,"column":36}},"loc":{"start":{"line":50,"column":63},"end":{"line":56,"column":3}}},"10":{"name":"throwInvalidCallExpression","decl":{"start":{"line":59,"column":9},"end":{"line":59,"column":35}},"loc":{"start":{"line":59,"column":48},"end":{"line":61,"column":1}}},"11":{"name":"concat","decl":{"start":{"line":63,"column":9},"end":{"line":63,"column":15}},"loc":{"start":{"line":63,"column":34},"end":{"line":65,"column":1}}},"12":{"name":"(anonymous_13)","decl":{"start":{"line":67,"column":20},"end":{"line":67,"column":21}},"loc":{"start":{"line":67,"column":52},"end":{"line":102,"column":1}}},"13":{"name":"(anonymous_14)","decl":{"start":{"line":75,"column":9},"end":{"line":75,"column":30}},"loc":{"start":{"line":75,"column":65},"end":{"line":101,"column":3}}},"14":{"name":"(anonymous_15)","decl":{"start":{"line":77,"column":56},"end":{"line":77,"column":66}},"loc":{"start":{"line":77,"column":70},"end":{"line":77,"column":89}}},"15":{"name":"(anonymous_16)","decl":{"start":{"line":83,"column":10},"end":{"line":83,"column":18}},"loc":{"start":{"line":83,"column":22},"end":{"line":83,"column":32}}},"16":{"name":"(anonymous_17)","decl":{"start":{"line":88,"column":13},"end":{"line":88,"column":16}},"loc":{"start":{"line":88,"column":19},"end":{"line":88,"column":20}}},"17":{"name":"(anonymous_18)","decl":{"start":{"line":91,"column":11},"end":{"line":91,"column":12}},"loc":{"start":{"line":91,"column":36},"end":{"line":100,"column":5}}},"18":{"name":"(anonymous_19)","decl":{"start":{"line":95,"column":10},"end":{"line":95,"column":18}},"loc":{"start":{"line":95,"column":22},"end":{"line":95,"column":39}}},"19":{"name":"(anonymous_20)","decl":{"start":{"line":104,"column":21},"end":{"line":104,"column":22}},"loc":{"start":{"line":104,"column":53},"end":{"line":119,"column":1}}},"20":{"name":"(anonymous_21)","decl":{"start":{"line":107,"column":9},"end":{"line":107,"column":16}},"loc":{"start":{"line":107,"column":19},"end":{"line":118,"column":3}}},"21":{"name":"(anonymous_22)","decl":{"start":{"line":114,"column":13},"end":{"line":114,"column":16}},"loc":{"start":{"line":114,"column":19},"end":{"line":114,"column":20}}},"22":{"name":"(anonymous_23)","decl":{"start":{"line":117,"column":11},"end":{"line":117,"column":18}},"loc":{"start":{"line":117,"column":22},"end":{"line":117,"column":52}}},"23":{"name":"(anonymous_24)","decl":{"start":{"line":121,"column":22},"end":{"line":121,"column":23}},"loc":{"start":{"line":121,"column":54},"end":{"line":137,"column":1}}},"24":{"name":"(anonymous_25)","decl":{"start":{"line":124,"column":9},"end":{"line":124,"column":16}},"loc":{"start":{"line":124,"column":19},"end":{"line":136,"column":3}}},"25":{"name":"(anonymous_26)","decl":{"start":{"line":132,"column":13},"end":{"line":132,"column":16}},"loc":{"start":{"line":132,"column":19},"end":{"line":132,"column":20}}},"26":{"name":"(anonymous_27)","decl":{"start":{"line":135,"column":11},"end":{"line":135,"column":18}},"loc":{"start":{"line":135,"column":22},"end":{"line":135,"column":61}}}},"branchMap":{"0":{"loc":{"start":{"line":39,"column":9},"end":{"line":39,"column":17}},"type":"binary-expr","locations":[{"start":{"line":39,"column":9},"end":{"line":39,"column":17}},{"start":{"line":39,"column":21},"end":{"line":39,"column":41}}]},"1":{"loc":{"start":{"line":51,"column":4},"end":{"line":53,"column":null}},"type":"if","locations":[{"start":{"line":51,"column":4},"end":{"line":53,"column":null}},{"start":{"line":51,"column":4},"end":{"line":53,"column":null}}]},"2":{"loc":{"start":{"line":71,"column":2},"end":{"line":73,"column":null}},"type":"if","locations":[{"start":{"line":71,"column":2},"end":{"line":73,"column":null}},{"start":{"line":71,"column":2},"end":{"line":73,"column":null}}]},"3":{"loc":{"start":{"line":79,"column":4},"end":{"line":89,"column":null}},"type":"if","locations":[{"start":{"line":79,"column":4},"end":{"line":89,"column":null}},{"start":{"line":79,"column":4},"end":{"line":89,"column":null}}]},"4":{"loc":{"start":{"line":111,"column":4},"end":{"line":115,"column":null}},"type":"if","locations":[{"start":{"line":111,"column":4},"end":{"line":115,"column":null}},{"start":{"line":111,"column":4},"end":{"line":115,"column":null}}]},"5":{"loc":{"start":{"line":129,"column":4},"end":{"line":133,"column":null}},"type":"if","locations":[{"start":{"line":129,"column":4},"end":{"line":133,"column":null}},{"start":{"line":129,"column":4},"end":{"line":133,"column":null}}]},"6":{"loc":{"start":{"line":129,"column":8},"end":{"line":129,"column":23}},"type":"binary-expr","locations":[{"start":{"line":129,"column":8},"end":{"line":129,"column":23}},{"start":{"line":129,"column":27},"end":{"line":129,"column":42}}]}},"s":{"0":0,"1":0,"2":0,"3":0,"4":0,"5":0,"6":0,"7":0,"8":0,"9":0,"10":0,"11":0,"12":0,"13":0,"14":0,"15":0,"16":0,"17":0,"18":0,"19":0,"20":0,"21":0,"22":0,"23":0,"24":0,"25":0,"26":0,"27":0,"28":0,"29":0,"30":0,"31":0,"32":0,"33":0,"34":0,"35":0,"36":0,"37":0,"38":0,"39":0,"40":0,"41":0,"42":0,"43":0,"44":0,"45":0,"46":0,"47":0,"48":0,"49":0,"50":0,"51":0,"52":0,"53":0,"54":0,"55":0,"56":0,"57":0,"58":0,"59":0,"60":0,"61":0,"62":0,"63":0,"64":0,"65":0,"66":0},"f":{"0":0,"1":0,"2":0,"3":0,"4":0,"5":0,"6":0,"7":0,"8":0,"9":0,"10":0,"11":0,"12":0,"13":0,"14":0,"15":0,"16":0,"17":0,"18":0,"19":0,"20":0,"21":0,"22":0,"23":0,"24":0,"25":0,"26":0},"b":{"0":[0,0],"1":[0,0],"2":[0,0],"3":[0,0],"4":[0,0],"5":[0,0],"6":[0,0]}}
,"C:\\Users\\Patrick\\Documents\\Projects\\complex-js\\compiler\\generate.ts": {"path":"C:\\Users\\Patrick\\Documents\\Projects\\complex-js\\compiler\\generate.ts","statementMap":{"0":{"start":{"line":1,"column":0},"end":{"line":1,"column":42}},"1":{"start":{"line":4,"column":0},"end":{"line":4,"column":32}},"2":{"start":{"line":6,"column":14},"end":{"line":6,"column":43}},"3":{"start":{"line":9,"column":17},"end":{"line":9,"column":34}},"4":{"start":{"line":10,"column":22},"end":{"line":10,"column":39}},"5":{"start":{"line":12,"column":2},"end":{"line":20,"column":null}},"6":{"start":{"line":14,"column":6},"end":{"line":14,"column":49}},"7":{"start":{"line":16,"column":41},"end":{"line":16,"column":48}},"8":{"start":{"line":17,"column":6},"end":{"line":17,"column":33}},"9":{"start":{"line":19,"column":6},"end":{"line":19,"column":43}},"10":{"start":{"line":8,"column":0},"end":{"line":8,"column":24}}},"fnMap":{"0":{"name":"generate","decl":{"start":{"line":8,"column":24},"end":{"line":8,"column":32}},"loc":{"start":{"line":8,"column":98},"end":{"line":21,"column":1}}}},"branchMap":{"0":{"loc":{"start":{"line":13,"column":4},"end":{"line":14,"column":49}},"type":"switch","locations":[{"start":{"line":13,"column":4},"end":{"line":14,"column":49}},{"start":{"line":15,"column":4},"end":{"line":17,"column":33}},{"start":{"line":18,"column":4},"end":{"line":19,"column":43}}]}},"s":{"0":0,"1":0,"2":0,"3":0,"4":0,"5":0,"6":0,"7":0,"8":0,"9":0,"10":0},"f":{"0":0},"b":{"0":[0,0,0]}}
,"C:\\Users\\Patrick\\Documents\\Projects\\complex-js\\compiler\\parse.ts": {"path":"C:\\Users\\Patrick\\Documents\\Projects\\complex-js\\compiler\\parse.ts","statementMap":{"0":{"start":{"line":3,"column":0},"end":{"line":3,"column":34}},"1":{"start":{"line":6,"column":19},"end":{"line":6,"column":42}},"2":{"start":{"line":8,"column":2},"end":{"line":8,"column":28}},"3":{"start":{"line":5,"column":0},"end":{"line":5,"column":24}}},"fnMap":{"0":{"name":"parse","decl":{"start":{"line":5,"column":24},"end":{"line":5,"column":29}},"loc":{"start":{"line":5,"column":118},"end":{"line":9,"column":1}}}},"branchMap":{},"s":{"0":0,"1":0,"2":0,"3":0},"f":{"0":0},"b":{}}
,"C:\\Users\\Patrick\\Documents\\Projects\\complex-js\\compiler\\unary.ts": {"path":"C:\\Users\\Patrick\\Documents\\Projects\\complex-js\\compiler\\unary.ts","statementMap":{"0":{"start":{"line":1,"column":0},"end":{"line":1,"column":37}},"1":{"start":{"line":2,"column":0},"end":{"line":2,"column":35}},"2":{"start":{"line":3,"column":0},"end":{"line":3,"column":35}},"3":{"start":{"line":7,"column":13},"end":{"line":11,"column":2}}},"fnMap":{},"branchMap":{},"s":{"0":0,"1":0,"2":0,"3":0},"f":{},"b":{}}
,"C:\\Users\\Patrick\\Documents\\Projects\\complex-js\\functions\\abs.ts": {"path":"C:\\Users\\Patrick\\Documents\\Projects\\complex-js\\functions\\abs.ts","statementMap":{"0":{"start":{"line":1,"column":0},"end":{"line":1,"column":42}},"1":{"start":{"line":4,"column":0},"end":{"line":4,"column":39}},"2":{"start":{"line":7,"column":15},"end":{"line":9,"column":15}},"3":{"start":{"line":11,"column":2},"end":{"line":11,"column":53}},"4":{"start":{"line":6,"column":0},"end":{"line":6,"column":24}}},"fnMap":{"0":{"name":"abs","decl":{"start":{"line":6,"column":24},"end":{"line":6,"column":27}},"loc":{"start":{"line":6,"column":108},"end":{"line":12,"column":1}}}},"branchMap":{"0":{"loc":{"start":{"line":6,"column":107},"end":{"line":6,"column":108}},"type":"default-arg","locations":[{"start":{"line":6,"column":107},"end":{"line":6,"column":108}}]},"1":{"loc":{"start":{"line":8,"column":6},"end":{"line":8,"column":19}},"type":"cond-expr","locations":[{"start":{"line":8,"column":6},"end":{"line":8,"column":19}},{"start":{"line":9,"column":6},"end":{"line":9,"column":15}}]}},"s":{"0":1,"1":1,"2":4,"3":4,"4":1},"f":{"0":4},"b":{"0":[3],"1":[2,2]}}
,"C:\\Users\\Patrick\\Documents\\Projects\\complex-js\\functions\\acos.ts": {"path":"C:\\Users\\Patrick\\Documents\\Projects\\complex-js\\functions\\acos.ts","statementMap":{"0":{"start":{"line":2,"column":0},"end":{"line":2,"column":33}},"1":{"start":{"line":3,"column":0},"end":{"line":3,"column":33}},"2":{"start":{"line":4,"column":0},"end":{"line":4,"column":33}},"3":{"start":{"line":5,"column":0},"end":{"line":5,"column":26}},"4":{"start":{"line":6,"column":0},"end":{"line":6,"column":24}},"5":{"start":{"line":7,"column":0},"end":{"line":7,"column":26}},"6":{"start":{"line":8,"column":0},"end":{"line":8,"column":30}},"7":{"start":{"line":11,"column":14},"end":{"line":11,"column":30}},"8":{"start":{"line":12,"column":12},"end":{"line":12,"column":31}},"9":{"start":{"line":13,"column":15},"end":{"line":13,"column":43}},"10":{"start":{"line":15,"column":15},"end":{"line":15,"column":36}},"11":{"start":{"line":16,"column":18},"end":{"line":16,"column":39}},"12":{"start":{"line":17,"column":15},"end":{"line":17,"column":41}},"13":{"start":{"line":18,"column":16},"end":{"line":18,"column":35}},"14":{"start":{"line":19,"column":15},"end":{"line":19,"column":40}},"15":{"start":{"line":20,"column":15},"end":{"line":20,"column":33}},"16":{"start":{"line":21,"column":15},"end":{"line":21,"column":36}},"17":{"start":{"line":23,"column":2},"end":{"line":23,"column":34}},"18":{"start":{"line":10,"column":0},"end":{"line":10,"column":24}}},"fnMap":{"0":{"name":"acos","decl":{"start":{"line":10,"column":24},"end":{"line":10,"column":28}},"loc":{"start":{"line":10,"column":110},"end":{"line":24,"column":1}}}},"branchMap":{"0":{"loc":{"start":{"line":10,"column":109},"end":{"line":10,"column":110}},"type":"default-arg","locations":[{"start":{"line":10,"column":109},"end":{"line":10,"column":110}}]}},"s":{"0":0,"1":0,"2":0,"3":0,"4":0,"5":0,"6":0,"7":0,"8":0,"9":0,"10":0,"11":0,"12":0,"13":0,"14":0,"15":0,"16":0,"17":0,"18":0},"f":{"0":0},"b":{"0":[0]}}
,"C:\\Users\\Patrick\\Documents\\Projects\\complex-js\\functions\\acosh.ts": {"path":"C:\\Users\\Patrick\\Documents\\Projects\\complex-js\\functions\\acosh.ts","statementMap":{"0":{"start":{"line":2,"column":0},"end":{"line":2,"column":33}},"1":{"start":{"line":3,"column":0},"end":{"line":3,"column":33}},"2":{"start":{"line":4,"column":0},"end":{"line":4,"column":26}},"3":{"start":{"line":5,"column":0},"end":{"line":5,"column":24}},"4":{"start":{"line":6,"column":0},"end":{"line":6,"column":26}},"5":{"start":{"line":9,"column":14},"end":{"line":9,"column":30}},"6":{"start":{"line":10,"column":18},"end":{"line":10,"column":35}},"7":{"start":{"line":12,"column":15},"end":{"line":12,"column":42}},"8":{"start":{"line":13,"column":16},"end":{"line":13,"column":35}},"9":{"start":{"line":14,"column":15},"end":{"line":14,"column":38}},"10":{"start":{"line":15,"column":16},"end":{"line":15,"column":35}},"11":{"start":{"line":16,"column":15},"end":{"line":16,"column":41}},"12":{"start":{"line":17,"column":15},"end":{"line":17,"column":39}},"13":{"start":{"line":19,"column":2},"end":{"line":19,"column":28}},"14":{"start":{"line":8,"column":0},"end":{"line":8,"column":24}}},"fnMap":{"0":{"name":"acosh","decl":{"start":{"line":8,"column":24},"end":{"line":8,"column":29}},"loc":{"start":{"line":8,"column":111},"end":{"line":20,"column":1}}}},"branchMap":{"0":{"loc":{"start":{"line":8,"column":110},"end":{"line":8,"column":111}},"type":"default-arg","locations":[{"start":{"line":8,"column":110},"end":{"line":8,"column":111}}]}},"s":{"0":0,"1":0,"2":0,"3":0,"4":0,"5":0,"6":0,"7":0,"8":0,"9":0,"10":0,"11":0,"12":0,"13":0,"14":0},"f":{"0":0},"b":{"0":[0]}}
,"C:\\Users\\Patrick\\Documents\\Projects\\complex-js\\functions\\arg.ts": {"path":"C:\\Users\\Patrick\\Documents\\Projects\\complex-js\\functions\\arg.ts","statementMap":{"0":{"start":{"line":1,"column":0},"end":{"line":1,"column":42}},"1":{"start":{"line":4,"column":0},"end":{"line":4,"column":39}},"2":{"start":{"line":7,"column":15},"end":{"line":9,"column":15}},"3":{"start":{"line":11,"column":2},"end":{"line":17,"column":4}},"4":{"start":{"line":6,"column":0},"end":{"line":6,"column":24}}},"fnMap":{"0":{"name":"arg","decl":{"start":{"line":6,"column":24},"end":{"line":6,"column":27}},"loc":{"start":{"line":6,"column":108},"end":{"line":18,"column":1}}}},"branchMap":{"0":{"loc":{"start":{"line":6,"column":107},"end":{"line":6,"column":108}},"type":"default-arg","locations":[{"start":{"line":6,"column":107},"end":{"line":6,"column":108}}]},"1":{"loc":{"start":{"line":8,"column":6},"end":{"line":8,"column":19}},"type":"cond-expr","locations":[{"start":{"line":8,"column":6},"end":{"line":8,"column":19}},{"start":{"line":9,"column":6},"end":{"line":9,"column":15}}]},"2":{"loc":{"start":{"line":15,"column":15},"end":{"line":15,"column":22}},"type":"cond-expr","locations":[{"start":{"line":15,"column":15},"end":{"line":15,"column":22}},{"start":{"line":15,"column":25},"end":{"line":15,"column":26}}]}},"s":{"0":0,"1":0,"2":0,"3":0,"4":0},"f":{"0":0},"b":{"0":[0],"1":[0,0],"2":[0,0]}}
,"C:\\Users\\Patrick\\Documents\\Projects\\complex-js\\functions\\asin.ts": {"path":"C:\\Users\\Patrick\\Documents\\Projects\\complex-js\\functions\\asin.ts","statementMap":{"0":{"start":{"line":2,"column":0},"end":{"line":2,"column":33}},"1":{"start":{"line":3,"column":0},"end":{"line":3,"column":33}},"2":{"start":{"line":4,"column":0},"end":{"line":4,"column":33}},"3":{"start":{"line":5,"column":0},"end":{"line":5,"column":26}},"4":{"start":{"line":6,"column":0},"end":{"line":6,"column":24}},"5":{"start":{"line":7,"column":0},"end":{"line":7,"column":26}},"6":{"start":{"line":8,"column":0},"end":{"line":8,"column":30}},"7":{"start":{"line":11,"column":14},"end":{"line":11,"column":30}},"8":{"start":{"line":12,"column":12},"end":{"line":12,"column":31}},"9":{"start":{"line":13,"column":16},"end":{"line":13,"column":36}},"10":{"start":{"line":15,"column":15},"end":{"line":15,"column":36}},"11":{"start":{"line":16,"column":18},"end":{"line":16,"column":39}},"12":{"start":{"line":17,"column":15},"end":{"line":17,"column":41}},"13":{"start":{"line":18,"column":16},"end":{"line":18,"column":35}},"14":{"start":{"line":19,"column":15},"end":{"line":19,"column":40}},"15":{"start":{"line":20,"column":15},"end":{"line":20,"column":33}},"16":{"start":{"line":22,"column":2},"end":{"line":22,"column":35}},"17":{"start":{"line":10,"column":0},"end":{"line":10,"column":24}}},"fnMap":{"0":{"name":"asin","decl":{"start":{"line":10,"column":24},"end":{"line":10,"column":28}},"loc":{"start":{"line":10,"column":110},"end":{"line":23,"column":1}}}},"branchMap":{"0":{"loc":{"start":{"line":10,"column":109},"end":{"line":10,"column":110}},"type":"default-arg","locations":[{"start":{"line":10,"column":109},"end":{"line":10,"column":110}}]}},"s":{"0":0,"1":0,"2":0,"3":0,"4":0,"5":0,"6":0,"7":0,"8":0,"9":0,"10":0,"11":0,"12":0,"13":0,"14":0,"15":0,"16":0,"17":0},"f":{"0":0},"b":{"0":[0]}}
,"C:\\Users\\Patrick\\Documents\\Projects\\complex-js\\functions\\asinh.ts": {"path":"C:\\Users\\Patrick\\Documents\\Projects\\complex-js\\functions\\asinh.ts","statementMap":{"0":{"start":{"line":2,"column":0},"end":{"line":2,"column":33}},"1":{"start":{"line":3,"column":0},"end":{"line":3,"column":26}},"2":{"start":{"line":4,"column":0},"end":{"line":4,"column":24}},"3":{"start":{"line":5,"column":0},"end":{"line":5,"column":26}},"4":{"start":{"line":6,"column":0},"end":{"line":6,"column":30}},"5":{"start":{"line":9,"column":14},"end":{"line":9,"column":30}},"6":{"start":{"line":11,"column":18},"end":{"line":11,"column":39}},"7":{"start":{"line":12,"column":15},"end":{"line":12,"column":41}},"8":{"start":{"line":13,"column":16},"end":{"line":13,"column":35}},"9":{"start":{"line":14,"column":15},"end":{"line":14,"column":40}},"10":{"start":{"line":16,"column":2},"end":{"line":16,"column":28}},"11":{"start":{"line":8,"column":0},"end":{"line":8,"column":24}}},"fnMap":{"0":{"name":"asinh","decl":{"start":{"line":8,"column":24},"end":{"line":8,"column":29}},"loc":{"start":{"line":8,"column":111},"end":{"line":17,"column":1}}}},"branchMap":{"0":{"loc":{"start":{"line":8,"column":110},"end":{"line":8,"column":111}},"type":"default-arg","locations":[{"start":{"line":8,"column":110},"end":{"line":8,"column":111}}]}},"s":{"0":0,"1":0,"2":0,"3":0,"4":0,"5":0,"6":0,"7":0,"8":0,"9":0,"10":0,"11":0},"f":{"0":0},"b":{"0":[0]}}
,"C:\\Users\\Patrick\\Documents\\Projects\\complex-js\\functions\\atan.ts": {"path":"C:\\Users\\Patrick\\Documents\\Projects\\complex-js\\functions\\atan.ts","statementMap":{"0":{"start":{"line":2,"column":0},"end":{"line":2,"column":33}},"1":{"start":{"line":3,"column":0},"end":{"line":3,"column":33}},"2":{"start":{"line":4,"column":0},"end":{"line":4,"column":33}},"3":{"start":{"line":5,"column":0},"end":{"line":5,"column":26}},"4":{"start":{"line":6,"column":0},"end":{"line":6,"column":24}},"5":{"start":{"line":9,"column":14},"end":{"line":9,"column":30}},"6":{"start":{"line":10,"column":12},"end":{"line":10,"column":31}},"7":{"start":{"line":11,"column":14},"end":{"line":11,"column":35}},"8":{"start":{"line":13,"column":15},"end":{"line":13,"column":36}},"9":{"start":{"line":14,"column":15},"end":{"line":14,"column":38}},"10":{"start":{"line":15,"column":15},"end":{"line":15,"column":33}},"11":{"start":{"line":16,"column":15},"end":{"line":16,"column":38}},"12":{"start":{"line":17,"column":15},"end":{"line":17,"column":33}},"13":{"start":{"line":18,"column":15},"end":{"line":18,"column":39}},"14":{"start":{"line":20,"column":2},"end":{"line":20,"column":33}},"15":{"start":{"line":8,"column":0},"end":{"line":8,"column":24}}},"fnMap":{"0":{"name":"atan","decl":{"start":{"line":8,"column":24},"end":{"line":8,"column":28}},"loc":{"start":{"line":8,"column":110},"end":{"line":21,"column":1}}}},"branchMap":{"0":{"loc":{"start":{"line":8,"column":109},"end":{"line":8,"column":110}},"type":"default-arg","locations":[{"start":{"line":8,"column":109},"end":{"line":8,"column":110}}]}},"s":{"0":0,"1":0,"2":0,"3":0,"4":0,"5":0,"6":0,"7":0,"8":0,"9":0,"10":0,"11":0,"12":0,"13":0,"14":0,"15":0},"f":{"0":0},"b":{"0":[0]}}
,"C:\\Users\\Patrick\\Documents\\Projects\\complex-js\\functions\\atanh.ts": {"path":"C:\\Users\\Patrick\\Documents\\Projects\\complex-js\\functions\\atanh.ts","statementMap":{"0":{"start":{"line":2,"column":0},"end":{"line":2,"column":33}},"1":{"start":{"line":3,"column":0},"end":{"line":3,"column":33}},"2":{"start":{"line":4,"column":0},"end":{"line":4,"column":33}},"3":{"start":{"line":5,"column":0},"end":{"line":5,"column":26}},"4":{"start":{"line":6,"column":0},"end":{"line":6,"column":24}},"5":{"start":{"line":9,"column":14},"end":{"line":9,"column":30}},"6":{"start":{"line":10,"column":16},"end":{"line":10,"column":34}},"7":{"start":{"line":12,"column":15},"end":{"line":12,"column":38}},"8":{"start":{"line":13,"column":15},"end":{"line":13,"column":33}},"9":{"start":{"line":14,"column":15},"end":{"line":14,"column":38}},"10":{"start":{"line":15,"column":15},"end":{"line":15,"column":33}},"11":{"start":{"line":16,"column":15},"end":{"line":16,"column":39}},"12":{"start":{"line":18,"column":2},"end":{"line":18,"column":35}},"13":{"start":{"line":8,"column":0},"end":{"line":8,"column":24}}},"fnMap":{"0":{"name":"atanh","decl":{"start":{"line":8,"column":24},"end":{"line":8,"column":29}},"loc":{"start":{"line":8,"column":111},"end":{"line":19,"column":1}}}},"branchMap":{"0":{"loc":{"start":{"line":8,"column":110},"end":{"line":8,"column":111}},"type":"default-arg","locations":[{"start":{"line":8,"column":110},"end":{"line":8,"column":111}}]}},"s":{"0":0,"1":0,"2":0,"3":0,"4":0,"5":0,"6":0,"7":0,"8":0,"9":0,"10":0,"11":0,"12":0,"13":0},"f":{"0":0},"b":{"0":[0]}}
,"C:\\Users\\Patrick\\Documents\\Projects\\complex-js\\functions\\cbrt.ts": {"path":"C:\\Users\\Patrick\\Documents\\Projects\\complex-js\\functions\\cbrt.ts","statementMap":{"0":{"start":{"line":1,"column":0},"end":{"line":1,"column":42}},"1":{"start":{"line":2,"column":0},"end":{"line":2,"column":42}},"2":{"start":{"line":5,"column":0},"end":{"line":5,"column":39}},"3":{"start":{"line":6,"column":0},"end":{"line":6,"column":39}},"4":{"start":{"line":12,"column":2},"end":{"line":18,"column":null}},"5":{"start":{"line":13,"column":4},"end":{"line":13,"column":25}},"6":{"start":{"line":14,"column":4},"end":{"line":14,"column":25}},"7":{"start":{"line":16,"column":4},"end":{"line":16,"column":21}},"8":{"start":{"line":17,"column":4},"end":{"line":17,"column":21}},"9":{"start":{"line":20,"column":2},"end":{"line":26,"column":4}},"10":{"start":{"line":8,"column":0},"end":{"line":8,"column":24}}},"fnMap":{"0":{"name":"cbrt","decl":{"start":{"line":8,"column":24},"end":{"line":8,"column":28}},"loc":{"start":{"line":8,"column":110},"end":{"line":27,"column":1}}}},"branchMap":{"0":{"loc":{"start":{"line":8,"column":109},"end":{"line":8,"column":110}},"type":"default-arg","locations":[{"start":{"line":8,"column":109},"end":{"line":8,"column":110}}]},"1":{"loc":{"start":{"line":12,"column":2},"end":{"line":18,"column":null}},"type":"if","locations":[{"start":{"line":12,"column":2},"end":{"line":18,"column":null}},{"start":{"line":12,"column":2},"end":{"line":18,"column":null}}]}},"s":{"0":0,"1":0,"2":0,"3":0,"4":0,"5":0,"6":0,"7":0,"8":0,"9":0,"10":0},"f":{"0":0},"b":{"0":[0],"1":[0,0]}}
,"C:\\Users\\Patrick\\Documents\\Projects\\complex-js\\functions\\ceil.ts": {"path":"C:\\Users\\Patrick\\Documents\\Projects\\complex-js\\functions\\ceil.ts","statementMap":{"0":{"start":{"line":3,"column":0},"end":{"line":3,"column":41}},"1":{"start":{"line":4,"column":0},"end":{"line":4,"column":41}},"2":{"start":{"line":10,"column":2},"end":{"line":16,"column":null}},"3":{"start":{"line":11,"column":4},"end":{"line":11,"column":14}},"4":{"start":{"line":12,"column":4},"end":{"line":12,"column":14}},"5":{"start":{"line":14,"column":4},"end":{"line":14,"column":23}},"6":{"start":{"line":15,"column":4},"end":{"line":15,"column":23}},"7":{"start":{"line":18,"column":2},"end":{"line":18,"column":87}},"8":{"start":{"line":6,"column":0},"end":{"line":6,"column":24}}},"fnMap":{"0":{"name":"ceil","decl":{"start":{"line":6,"column":24},"end":{"line":6,"column":28}},"loc":{"start":{"line":6,"column":110},"end":{"line":19,"column":1}}}},"branchMap":{"0":{"loc":{"start":{"line":6,"column":109},"end":{"line":6,"column":110}},"type":"default-arg","locations":[{"start":{"line":6,"column":109},"end":{"line":6,"column":110}}]},"1":{"loc":{"start":{"line":10,"column":2},"end":{"line":16,"column":null}},"type":"if","locations":[{"start":{"line":10,"column":2},"end":{"line":16,"column":null}},{"start":{"line":10,"column":2},"end":{"line":16,"column":null}}]}},"s":{"0":0,"1":0,"2":0,"3":0,"4":0,"5":0,"6":0,"7":0,"8":0},"f":{"0":0},"b":{"0":[0],"1":[0,0]}}
,"C:\\Users\\Patrick\\Documents\\Projects\\complex-js\\functions\\conj.ts": {"path":"C:\\Users\\Patrick\\Documents\\Projects\\complex-js\\functions\\conj.ts","statementMap":{"0":{"start":{"line":11,"column":2},"end":{"line":23,"column":null}},"1":{"start":{"line":12,"column":4},"end":{"line":12,"column":14}},"2":{"start":{"line":13,"column":4},"end":{"line":13,"column":14}},"3":{"start":{"line":14,"column":4},"end":{"line":14,"column":15}},"4":{"start":{"line":15,"column":4},"end":{"line":15,"column":15}},"5":{"start":{"line":16,"column":4},"end":{"line":16,"column":31}},"6":{"start":{"line":18,"column":4},"end":{"line":18,"column":20}},"7":{"start":{"line":19,"column":4},"end":{"line":19,"column":20}},"8":{"start":{"line":20,"column":4},"end":{"line":20,"column":18}},"9":{"start":{"line":21,"column":4},"end":{"line":21,"column":18}},"10":{"start":{"line":22,"column":4},"end":{"line":22,"column":20}},"11":{"start":{"line":25,"column":2},"end":{"line":25,"column":56}},"12":{"start":{"line":4,"column":0},"end":{"line":4,"column":24}}},"fnMap":{"0":{"name":"conj","decl":{"start":{"line":4,"column":24},"end":{"line":4,"column":28}},"loc":{"start":{"line":4,"column":110},"end":{"line":26,"column":1}}}},"branchMap":{"0":{"loc":{"start":{"line":4,"column":109},"end":{"line":4,"column":110}},"type":"default-arg","locations":[{"start":{"line":4,"column":109},"end":{"line":4,"column":110}}]},"1":{"loc":{"start":{"line":11,"column":2},"end":{"line":23,"column":null}},"type":"if","locations":[{"start":{"line":11,"column":2},"end":{"line":23,"column":null}},{"start":{"line":11,"column":2},"end":{"line":23,"column":null}}]}},"s":{"0":0,"1":0,"2":0,"3":0,"4":0,"5":0,"6":0,"7":0,"8":0,"9":0,"10":0,"11":0,"12":0},"f":{"0":0},"b":{"0":[0],"1":[0,0]}}
,"C:\\Users\\Patrick\\Documents\\Projects\\complex-js\\functions\\cos.ts": {"path":"C:\\Users\\Patrick\\Documents\\Projects\\complex-js\\functions\\cos.ts","statementMap":{"0":{"start":{"line":3,"column":0},"end":{"line":3,"column":41}},"1":{"start":{"line":4,"column":0},"end":{"line":4,"column":41}},"2":{"start":{"line":10,"column":2},"end":{"line":16,"column":null}},"3":{"start":{"line":11,"column":4},"end":{"line":11,"column":14}},"4":{"start":{"line":12,"column":4},"end":{"line":12,"column":14}},"5":{"start":{"line":14,"column":4},"end":{"line":14,"column":23}},"6":{"start":{"line":15,"column":4},"end":{"line":15,"column":23}},"7":{"start":{"line":18,"column":2},"end":{"line":28,"column":null}},"8":{"start":{"line":19,"column":17},"end":{"line":19,"column":32}},"9":{"start":{"line":21,"column":4},"end":{"line":27,"column":6}},"10":{"start":{"line":30,"column":2},"end":{"line":40,"column":null}},"11":{"start":{"line":31,"column":17},"end":{"line":31,"column":33}},"12":{"start":{"line":33,"column":4},"end":{"line":39,"column":6}},"13":{"start":{"line":42,"column":2},"end":{"line":48,"column":4}},"14":{"start":{"line":6,"column":0},"end":{"line":6,"column":24}}},"fnMap":{"0":{"name":"cos","decl":{"start":{"line":6,"column":24},"end":{"line":6,"column":27}},"loc":{"start":{"line":6,"column":109},"end":{"line":49,"column":1}}}},"branchMap":{"0":{"loc":{"start":{"line":6,"column":108},"end":{"line":6,"column":109}},"type":"default-arg","locations":[{"start":{"line":6,"column":108},"end":{"line":6,"column":109}}]},"1":{"loc":{"start":{"line":10,"column":2},"end":{"line":16,"column":null}},"type":"if","locations":[{"start":{"line":10,"column":2},"end":{"line":16,"column":null}},{"start":{"line":10,"column":2},"end":{"line":16,"column":null}}]},"2":{"loc":{"start":{"line":18,"column":2},"end":{"line":28,"column":null}},"type":"if","locations":[{"start":{"line":18,"column":2},"end":{"line":28,"column":null}},{"start":{"line":18,"column":2},"end":{"line":28,"column":null}}]},"3":{"loc":{"start":{"line":25,"column":17},"end":{"line":25,"column":24}},"type":"cond-expr","locations":[{"start":{"line":25,"column":17},"end":{"line":25,"column":24}},{"start":{"line":25,"column":27},"end":{"line":25,"column":28}}]},"4":{"loc":{"start":{"line":30,"column":2},"end":{"line":40,"column":null}},"type":"if","locations":[{"start":{"line":30,"column":2},"end":{"line":40,"column":null}},{"start":{"line":30,"column":2},"end":{"line":40,"column":null}}]},"5":{"loc":{"start":{"line":37,"column":17},"end":{"line":37,"column":24}},"type":"cond-expr","locations":[{"start":{"line":37,"column":17},"end":{"line":37,"column":24}},{"start":{"line":37,"column":27},"end":{"line":37,"column":28}}]}},"s":{"0":0,"1":0,"2":0,"3":0,"4":0,"5":0,"6":0,"7":0,"8":0,"9":0,"10":0,"11":0,"12":0,"13":0,"14":0},"f":{"0":0},"b":{"0":[0],"1":[0,0],"2":[0,0],"3":[0,0],"4":[0,0],"5":[0,0]}}
,"C:\\Users\\Patrick\\Documents\\Projects\\complex-js\\functions\\cosh.ts": {"path":"C:\\Users\\Patrick\\Documents\\Projects\\complex-js\\functions\\cosh.ts","statementMap":{"0":{"start":{"line":3,"column":0},"end":{"line":3,"column":41}},"1":{"start":{"line":4,"column":0},"end":{"line":4,"column":41}},"2":{"start":{"line":10,"column":2},"end":{"line":16,"column":null}},"3":{"start":{"line":11,"column":4},"end":{"line":11,"column":14}},"4":{"start":{"line":12,"column":4},"end":{"line":12,"column":14}},"5":{"start":{"line":14,"column":4},"end":{"line":14,"column":23}},"6":{"start":{"line":15,"column":4},"end":{"line":15,"column":23}},"7":{"start":{"line":18,"column":2},"end":{"line":28,"column":null}},"8":{"start":{"line":19,"column":18},"end":{"line":19,"column":34}},"9":{"start":{"line":21,"column":4},"end":{"line":27,"column":6}},"10":{"start":{"line":30,"column":2},"end":{"line":40,"column":null}},"11":{"start":{"line":31,"column":18},"end":{"line":31,"column":33}},"12":{"start":{"line":33,"column":4},"end":{"line":39,"column":6}},"13":{"start":{"line":42,"column":2},"end":{"line":48,"column":4}},"14":{"start":{"line":6,"column":0},"end":{"line":6,"column":24}}},"fnMap":{"0":{"name":"cosh","decl":{"start":{"line":6,"column":24},"end":{"line":6,"column":28}},"loc":{"start":{"line":6,"column":110},"end":{"line":49,"column":1}}}},"branchMap":{"0":{"loc":{"start":{"line":6,"column":109},"end":{"line":6,"column":110}},"type":"default-arg","locations":[{"start":{"line":6,"column":109},"end":{"line":6,"column":110}}]},"1":{"loc":{"start":{"line":10,"column":2},"end":{"line":16,"column":null}},"type":"if","locations":[{"start":{"line":10,"column":2},"end":{"line":16,"column":null}},{"start":{"line":10,"column":2},"end":{"line":16,"column":null}}]},"2":{"loc":{"start":{"line":18,"column":2},"end":{"line":28,"column":null}},"type":"if","locations":[{"start":{"line":18,"column":2},"end":{"line":28,"column":null}},{"start":{"line":18,"column":2},"end":{"line":28,"column":null}}]},"3":{"loc":{"start":{"line":25,"column":18},"end":{"line":25,"column":25}},"type":"cond-expr","locations":[{"start":{"line":25,"column":18},"end":{"line":25,"column":25}},{"start":{"line":25,"column":28},"end":{"line":25,"column":29}}]},"4":{"loc":{"start":{"line":30,"column":2},"end":{"line":40,"column":null}},"type":"if","locations":[{"start":{"line":30,"column":2},"end":{"line":40,"column":null}},{"start":{"line":30,"column":2},"end":{"line":40,"column":null}}]},"5":{"loc":{"start":{"line":37,"column":18},"end":{"line":37,"column":25}},"type":"cond-expr","locations":[{"start":{"line":37,"column":18},"end":{"line":37,"column":25}},{"start":{"line":37,"column":28},"end":{"line":37,"column":29}}]}},"s":{"0":0,"1":0,"2":0,"3":0,"4":0,"5":0,"6":0,"7":0,"8":0,"9":0,"10":0,"11":0,"12":0,"13":0,"14":0},"f":{"0":0},"b":{"0":[0],"1":[0,0],"2":[0,0],"3":[0,0],"4":[0,0],"5":[0,0]}}
,"C:\\Users\\Patrick\\Documents\\Projects\\complex-js\\functions\\cube.ts": {"path":"C:\\Users\\Patrick\\Documents\\Projects\\complex-js\\functions\\cube.ts","statementMap":{"0":{"start":{"line":11,"column":2},"end":{"line":23,"column":null}},"1":{"start":{"line":12,"column":4},"end":{"line":12,"column":14}},"2":{"start":{"line":13,"column":4},"end":{"line":13,"column":14}},"3":{"start":{"line":14,"column":4},"end":{"line":14,"column":15}},"4":{"start":{"line":15,"column":4},"end":{"line":15,"column":15}},"5":{"start":{"line":16,"column":4},"end":{"line":16,"column":31}},"6":{"start":{"line":18,"column":4},"end":{"line":18,"column":20}},"7":{"start":{"line":19,"column":4},"end":{"line":19,"column":20}},"8":{"start":{"line":20,"column":4},"end":{"line":20,"column":18}},"9":{"start":{"line":21,"column":4},"end":{"line":21,"column":18}},"10":{"start":{"line":22,"column":4},"end":{"line":22,"column":20}},"11":{"start":{"line":25,"column":2},"end":{"line":27,"column":null}},"12":{"start":{"line":26,"column":4},"end":{"line":26,"column":79}},"13":{"start":{"line":29,"column":16},"end":{"line":29,"column":29}},"14":{"start":{"line":30,"column":16},"end":{"line":30,"column":29}},"15":{"start":{"line":32,"column":2},"end":{"line":38,"column":4}},"16":{"start":{"line":4,"column":0},"end":{"line":4,"column":24}}},"fnMap":{"0":{"name":"cube","decl":{"start":{"line":4,"column":24},"end":{"line":4,"column":28}},"loc":{"start":{"line":4,"column":110},"end":{"line":39,"column":1}}}},"branchMap":{"0":{"loc":{"start":{"line":4,"column":109},"end":{"line":4,"column":110}},"type":"default-arg","locations":[{"start":{"line":4,"column":109},"end":{"line":4,"column":110}}]},"1":{"loc":{"start":{"line":11,"column":2},"end":{"line":23,"column":null}},"type":"if","locations":[{"start":{"line":11,"column":2},"end":{"line":23,"column":null}},{"start":{"line":11,"column":2},"end":{"line":23,"column":null}}]},"2":{"loc":{"start":{"line":25,"column":2},"end":{"line":27,"column":null}},"type":"if","locations":[{"start":{"line":25,"column":2},"end":{"line":27,"column":null}},{"start":{"line":25,"column":2},"end":{"line":27,"column":null}}]}},"s":{"0":0,"1":0,"2":0,"3":0,"4":0,"5":0,"6":0,"7":0,"8":0,"9":0,"10":0,"11":0,"12":0,"13":0,"14":0,"15":0,"16":0},"f":{"0":0},"b":{"0":[0],"1":[0,0],"2":[0,0]}}
,"C:\\Users\\Patrick\\Documents\\Projects\\complex-js\\functions\\exp.ts": {"path":"C:\\Users\\Patrick\\Documents\\Projects\\complex-js\\functions\\exp.ts","statementMap":{"0":{"start":{"line":3,"column":0},"end":{"line":3,"column":41}},"1":{"start":{"line":4,"column":0},"end":{"line":4,"column":41}},"2":{"start":{"line":10,"column":2},"end":{"line":16,"column":null}},"3":{"start":{"line":11,"column":4},"end":{"line":11,"column":14}},"4":{"start":{"line":12,"column":4},"end":{"line":12,"column":14}},"5":{"start":{"line":14,"column":4},"end":{"line":14,"column":23}},"6":{"start":{"line":15,"column":4},"end":{"line":15,"column":23}},"7":{"start":{"line":18,"column":2},"end":{"line":24,"column":4}},"8":{"start":{"line":6,"column":0},"end":{"line":6,"column":24}}},"fnMap":{"0":{"name":"exp","decl":{"start":{"line":6,"column":24},"end":{"line":6,"column":27}},"loc":{"start":{"line":6,"column":109},"end":{"line":25,"column":1}}}},"branchMap":{"0":{"loc":{"start":{"line":6,"column":108},"end":{"line":6,"column":109}},"type":"default-arg","locations":[{"start":{"line":6,"column":108},"end":{"line":6,"column":109}}]},"1":{"loc":{"start":{"line":10,"column":2},"end":{"line":16,"column":null}},"type":"if","locations":[{"start":{"line":10,"column":2},"end":{"line":16,"column":null}},{"start":{"line":10,"column":2},"end":{"line":16,"column":null}}]}},"s":{"0":0,"1":0,"2":0,"3":0,"4":0,"5":0,"6":0,"7":0,"8":0},"f":{"0":0},"b":{"0":[0],"1":[0,0]}}
,"C:\\Users\\Patrick\\Documents\\Projects\\complex-js\\functions\\floor.ts": {"path":"C:\\Users\\Patrick\\Documents\\Projects\\complex-js\\functions\\floor.ts","statementMap":{"0":{"start":{"line":3,"column":0},"end":{"line":3,"column":41}},"1":{"start":{"line":4,"column":0},"end":{"line":4,"column":41}},"2":{"start":{"line":10,"column":2},"end":{"line":16,"column":null}},"3":{"start":{"line":11,"column":4},"end":{"line":11,"column":14}},"4":{"start":{"line":12,"column":4},"end":{"line":12,"column":14}},"5":{"start":{"line":14,"column":4},"end":{"line":14,"column":23}},"6":{"start":{"line":15,"column":4},"end":{"line":15,"column":23}},"7":{"start":{"line":18,"column":2},"end":{"line":18,"column":89}},"8":{"start":{"line":6,"column":0},"end":{"line":6,"column":24}}},"fnMap":{"0":{"name":"floor","decl":{"start":{"line":6,"column":24},"end":{"line":6,"column":29}},"loc":{"start":{"line":6,"column":111},"end":{"line":19,"column":1}}}},"branchMap":{"0":{"loc":{"start":{"line":6,"column":110},"end":{"line":6,"column":111}},"type":"default-arg","locations":[{"start":{"line":6,"column":110},"end":{"line":6,"column":111}}]},"1":{"loc":{"start":{"line":10,"column":2},"end":{"line":16,"column":null}},"type":"if","locations":[{"start":{"line":10,"column":2},"end":{"line":16,"column":null}},{"start":{"line":10,"column":2},"end":{"line":16,"column":null}}]}},"s":{"0":0,"1":0,"2":0,"3":0,"4":0,"5":0,"6":0,"7":0,"8":0},"f":{"0":0},"b":{"0":[0],"1":[0,0]}}
,"C:\\Users\\Patrick\\Documents\\Projects\\complex-js\\functions\\from.ts": {"path":"C:\\Users\\Patrick\\Documents\\Projects\\complex-js\\functions\\from.ts","statementMap":{"0":{"start":{"line":11,"column":2},"end":{"line":25,"column":null}},"1":{"start":{"line":12,"column":4},"end":{"line":12,"column":14}},"2":{"start":{"line":13,"column":4},"end":{"line":13,"column":14}},"3":{"start":{"line":14,"column":4},"end":{"line":14,"column":15}},"4":{"start":{"line":15,"column":4},"end":{"line":15,"column":15}},"5":{"start":{"line":16,"column":4},"end":{"line":16,"column":31}},"6":{"start":{"line":20,"column":4},"end":{"line":20,"column":27}},"7":{"start":{"line":21,"column":4},"end":{"line":21,"column":27}},"8":{"start":{"line":22,"column":4},"end":{"line":22,"column":25}},"9":{"start":{"line":23,"column":4},"end":{"line":23,"column":25}},"10":{"start":{"line":24,"column":4},"end":{"line":24,"column":20}},"11":{"start":{"line":27,"column":2},"end":{"line":27,"column":54}},"12":{"start":{"line":4,"column":0},"end":{"line":4,"column":24}}},"fnMap":{"0":{"name":"from","decl":{"start":{"line":4,"column":24},"end":{"line":4,"column":28}},"loc":{"start":{"line":4,"column":110},"end":{"line":28,"column":1}}}},"branchMap":{"0":{"loc":{"start":{"line":4,"column":109},"end":{"line":4,"column":110}},"type":"default-arg","locations":[{"start":{"line":4,"column":109},"end":{"line":4,"column":110}}]},"1":{"loc":{"start":{"line":11,"column":2},"end":{"line":25,"column":null}},"type":"if","locations":[{"start":{"line":11,"column":2},"end":{"line":25,"column":null}},{"start":{"line":11,"column":2},"end":{"line":25,"column":null}}]},"2":{"loc":{"start":{"line":20,"column":19},"end":{"line":20,"column":23}},"type":"cond-expr","locations":[{"start":{"line":20,"column":19},"end":{"line":20,"column":23}},{"start":{"line":20,"column":23},"end":{"line":20,"column":26}}]},"3":{"loc":{"start":{"line":20,"column":19},"end":{"line":20,"column":23}},"type":"binary-expr","locations":[{"start":{"line":20,"column":19},"end":{"line":20,"column":23}},{"start":{"line":20,"column":19},"end":{"line":20,"column":23}}]},"4":{"loc":{"start":{"line":21,"column":19},"end":{"line":21,"column":23}},"type":"cond-expr","locations":[{"start":{"line":21,"column":19},"end":{"line":21,"column":23}},{"start":{"line":21,"column":23},"end":{"line":21,"column":26}}]},"5":{"loc":{"start":{"line":21,"column":19},"end":{"line":21,"column":23}},"type":"binary-expr","locations":[{"start":{"line":21,"column":19},"end":{"line":21,"column":23}},{"start":{"line":21,"column":19},"end":{"line":21,"column":23}}]},"6":{"loc":{"start":{"line":22,"column":17},"end":{"line":22,"column":21}},"type":"cond-expr","locations":[{"start":{"line":22,"column":17},"end":{"line":22,"column":21}},{"start":{"line":22,"column":21},"end":{"line":22,"column":24}}]},"7":{"loc":{"start":{"line":22,"column":17},"end":{"line":22,"column":21}},"type":"binary-expr","locations":[{"start":{"line":22,"column":17},"end":{"line":22,"column":21}},{"start":{"line":22,"column":17},"end":{"line":22,"column":21}}]},"8":{"loc":{"start":{"line":23,"column":17},"end":{"line":23,"column":21}},"type":"cond-expr","locations":[{"start":{"line":23,"column":17},"end":{"line":23,"column":21}},{"start":{"line":23,"column":21},"end":{"line":23,"column":24}}]},"9":{"loc":{"start":{"line":23,"column":17},"end":{"line":23,"column":21}},"type":"binary-expr","locations":[{"start":{"line":23,"column":17},"end":{"line":23,"column":21}},{"start":{"line":23,"column":17},"end":{"line":23,"column":21}}]}},"s":{"0":0,"1":0,"2":0,"3":0,"4":0,"5":0,"6":0,"7":0,"8":0,"9":0,"10":0,"11":0,"12":0},"f":{"0":0},"b":{"0":[0],"1":[0,0],"2":[0,0],"3":[0,0],"4":[0,0],"5":[0,0],"6":[0,0],"7":[0,0],"8":[0,0],"9":[0,0]}}
,"C:\\Users\\Patrick\\Documents\\Projects\\complex-js\\functions\\imag.ts": {"path":"C:\\Users\\Patrick\\Documents\\Projects\\complex-js\\functions\\imag.ts","statementMap":{"0":{"start":{"line":2,"column":0},"end":{"line":2,"column":44}},"1":{"start":{"line":4,"column":0},"end":{"line":4,"column":41}},"2":{"start":{"line":7,"column":16},"end":{"line":9,"column":16}},"3":{"start":{"line":11,"column":2},"end":{"line":17,"column":4}},"4":{"start":{"line":6,"column":0},"end":{"line":6,"column":24}}},"fnMap":{"0":{"name":"imag","decl":{"start":{"line":6,"column":24},"end":{"line":6,"column":28}},"loc":{"start":{"line":6,"column":109},"end":{"line":18,"column":1}}}},"branchMap":{"0":{"loc":{"start":{"line":6,"column":108},"end":{"line":6,"column":109}},"type":"default-arg","locations":[{"start":{"line":6,"column":108},"end":{"line":6,"column":109}}]},"1":{"loc":{"start":{"line":8,"column":6},"end":{"line":8,"column":20}},"type":"cond-expr","locations":[{"start":{"line":8,"column":6},"end":{"line":8,"column":20}},{"start":{"line":9,"column":6},"end":{"line":9,"column":16}}]},"2":{"loc":{"start":{"line":15,"column":16},"end":{"line":15,"column":23}},"type":"cond-expr","locations":[{"start":{"line":15,"column":16},"end":{"line":15,"column":23}},{"start":{"line":15,"column":26},"end":{"line":15,"column":27}}]}},"s":{"0":0,"1":0,"2":0,"3":0,"4":0},"f":{"0":0},"b":{"0":[0],"1":[0,0],"2":[0,0]}}
,"C:\\Users\\Patrick\\Documents\\Projects\\complex-js\\functions\\log.ts": {"path":"C:\\Users\\Patrick\\Documents\\Projects\\complex-js\\functions\\log.ts","statementMap":{"0":{"start":{"line":1,"column":0},"end":{"line":1,"column":42}},"1":{"start":{"line":2,"column":0},"end":{"line":2,"column":42}},"2":{"start":{"line":5,"column":0},"end":{"line":5,"column":39}},"3":{"start":{"line":6,"column":0},"end":{"line":6,"column":39}},"4":{"start":{"line":12,"column":2},"end":{"line":18,"column":null}},"5":{"start":{"line":13,"column":4},"end":{"line":13,"column":25}},"6":{"start":{"line":14,"column":4},"end":{"line":14,"column":25}},"7":{"start":{"line":16,"column":4},"end":{"line":16,"column":21}},"8":{"start":{"line":17,"column":4},"end":{"line":17,"column":21}},"9":{"start":{"line":20,"column":2},"end":{"line":26,"column":4}},"10":{"start":{"line":8,"column":0},"end":{"line":8,"column":24}}},"fnMap":{"0":{"name":"log","decl":{"start":{"line":8,"column":24},"end":{"line":8,"column":27}},"loc":{"start":{"line":8,"column":109},"end":{"line":27,"column":1}}}},"branchMap":{"0":{"loc":{"start":{"line":8,"column":108},"end":{"line":8,"column":109}},"type":"default-arg","locations":[{"start":{"line":8,"column":108},"end":{"line":8,"column":109}}]},"1":{"loc":{"start":{"line":12,"column":2},"end":{"line":18,"column":null}},"type":"if","locations":[{"start":{"line":12,"column":2},"end":{"line":18,"column":null}},{"start":{"line":12,"column":2},"end":{"line":18,"column":null}}]}},"s":{"0":0,"1":0,"2":0,"3":0,"4":0,"5":0,"6":0,"7":0,"8":0,"9":0,"10":0},"f":{"0":0},"b":{"0":[0],"1":[0,0]}}
,"C:\\Users\\Patrick\\Documents\\Projects\\complex-js\\functions\\neg.ts": {"path":"C:\\Users\\Patrick\\Documents\\Projects\\complex-js\\functions\\neg.ts","statementMap":{"0":{"start":{"line":11,"column":2},"end":{"line":23,"column":null}},"1":{"start":{"line":12,"column":4},"end":{"line":12,"column":14}},"2":{"start":{"line":13,"column":4},"end":{"line":13,"column":14}},"3":{"start":{"line":14,"column":4},"end":{"line":14,"column":15}},"4":{"start":{"line":15,"column":4},"end":{"line":15,"column":15}},"5":{"start":{"line":16,"column":4},"end":{"line":16,"column":31}},"6":{"start":{"line":18,"column":4},"end":{"line":18,"column":20}},"7":{"start":{"line":19,"column":4},"end":{"line":19,"column":20}},"8":{"start":{"line":20,"column":4},"end":{"line":20,"column":18}},"9":{"start":{"line":21,"column":4},"end":{"line":21,"column":18}},"10":{"start":{"line":22,"column":4},"end":{"line":22,"column":20}},"11":{"start":{"line":25,"column":2},"end":{"line":25,"column":66}},"12":{"start":{"line":4,"column":0},"end":{"line":4,"column":24}}},"fnMap":{"0":{"name":"neg","decl":{"start":{"line":4,"column":24},"end":{"line":4,"column":27}},"loc":{"start":{"line":4,"column":109},"end":{"line":26,"column":1}}}},"branchMap":{"0":{"loc":{"start":{"line":4,"column":108},"end":{"line":4,"column":109}},"type":"default-arg","locations":[{"start":{"line":4,"column":108},"end":{"line":4,"column":109}}]},"1":{"loc":{"start":{"line":11,"column":2},"end":{"line":23,"column":null}},"type":"if","locations":[{"start":{"line":11,"column":2},"end":{"line":23,"column":null}},{"start":{"line":11,"column":2},"end":{"line":23,"column":null}}]}},"s":{"0":0,"1":0,"2":0,"3":0,"4":0,"5":0,"6":0,"7":0,"8":0,"9":0,"10":0,"11":0,"12":0},"f":{"0":0},"b":{"0":[0],"1":[0,0]}}
,"C:\\Users\\Patrick\\Documents\\Projects\\complex-js\\functions\\not.ts": {"path":"C:\\Users\\Patrick\\Documents\\Projects\\complex-js\\functions\\not.ts","statementMap":{"0":{"start":{"line":3,"column":0},"end":{"line":3,"column":41}},"1":{"start":{"line":4,"column":0},"end":{"line":4,"column":41}},"2":{"start":{"line":10,"column":2},"end":{"line":16,"column":null}},"3":{"start":{"line":11,"column":4},"end":{"line":11,"column":14}},"4":{"start":{"line":12,"column":4},"end":{"line":12,"column":14}},"5":{"start":{"line":14,"column":4},"end":{"line":14,"column":23}},"6":{"start":{"line":15,"column":4},"end":{"line":15,"column":23}},"7":{"start":{"line":18,"column":2},"end":{"line":18,"column":67}},"8":{"start":{"line":6,"column":0},"end":{"line":6,"column":24}}},"fnMap":{"0":{"name":"not","decl":{"start":{"line":6,"column":24},"end":{"line":6,"column":27}},"loc":{"start":{"line":6,"column":109},"end":{"line":19,"column":1}}}},"branchMap":{"0":{"loc":{"start":{"line":6,"column":108},"end":{"line":6,"column":109}},"type":"default-arg","locations":[{"start":{"line":6,"column":108},"end":{"line":6,"column":109}}]},"1":{"loc":{"start":{"line":10,"column":2},"end":{"line":16,"column":null}},"type":"if","locations":[{"start":{"line":10,"column":2},"end":{"line":16,"column":null}},{"start":{"line":10,"column":2},"end":{"line":16,"column":null}}]}},"s":{"0":0,"1":0,"2":0,"3":0,"4":0,"5":0,"6":0,"7":0,"8":0},"f":{"0":0},"b":{"0":[0],"1":[0,0]}}
,"C:\\Users\\Patrick\\Documents\\Projects\\complex-js\\functions\\polar.ts": {"path":"C:\\Users\\Patrick\\Documents\\Projects\\complex-js\\functions\\polar.ts","statementMap":{"0":{"start":{"line":8,"column":2},"end":{"line":14,"column":null}},"1":{"start":{"line":9,"column":4},"end":{"line":9,"column":16}},"2":{"start":{"line":10,"column":4},"end":{"line":10,"column":25}},"3":{"start":{"line":12,"column":4},"end":{"line":12,"column":15}},"4":{"start":{"line":13,"column":4},"end":{"line":13,"column":15}},"5":{"start":{"line":16,"column":2},"end":{"line":16,"column":59}},"6":{"start":{"line":4,"column":0},"end":{"line":4,"column":24}}},"fnMap":{"0":{"name":"polar","decl":{"start":{"line":4,"column":24},"end":{"line":4,"column":29}},"loc":{"start":{"line":4,"column":104},"end":{"line":17,"column":1}}}},"branchMap":{"0":{"loc":{"start":{"line":4,"column":103},"end":{"line":4,"column":104}},"type":"default-arg","locations":[{"start":{"line":4,"column":103},"end":{"line":4,"column":104}}]},"1":{"loc":{"start":{"line":8,"column":2},"end":{"line":14,"column":null}},"type":"if","locations":[{"start":{"line":8,"column":2},"end":{"line":14,"column":null}},{"start":{"line":8,"column":2},"end":{"line":14,"column":null}}]}},"s":{"0":0,"1":0,"2":0,"3":0,"4":0,"5":0,"6":0},"f":{"0":0},"b":{"0":[0],"1":[0,0]}}
[...]
,"C:\\Users\\Patrick\\Documents\\Projects\\complex-js\\methods\\sal.ts": {"path":"C:\\Users\\Patrick\\Documents\\Projects\\complex-js\\methods\\sal.ts","statementMap":{"0":{"start":{"line":3,"column":0},"end":{"line":3,"column":32}},"1":{"start":{"line":4,"column":0},"end":{"line":4,"column":32}},"2":{"start":{"line":10,"column":2},"end":{"line":16,"column":null}},"3":{"start":{"line":11,"column":4},"end":{"line":11,"column":16}},"4":{"start":{"line":12,"column":4},"end":{"line":12,"column":16}},"5":{"start":{"line":14,"column":4},"end":{"line":14,"column":25}},"6":{"start":{"line":15,"column":4},"end":{"line":15,"column":25}},"7":{"start":{"line":18,"column":18},"end":{"line":18,"column":30}},"8":{"start":{"line":19,"column":18},"end":{"line":19,"column":30}},"9":{"start":{"line":21,"column":2},"end":{"line":27,"column":4}},"10":{"start":{"line":6,"column":0},"end":{"line":6,"column":24}}},"fnMap":{"0":{"name":"sal","decl":{"start":{"line":6,"column":24},"end":{"line":6,"column":27}},"loc":{"start":{"line":6,"column":124},"end":{"line":28,"column":1}}}},"branchMap":{"0":{"loc":{"start":{"line":6,"column":123},"end":{"line":6,"column":124}},"type":"default-arg","locations":[{"start":{"line":6,"column":123},"end":{"line":6,"column":124}}]},"1":{"loc":{"start":{"line":10,"column":2},"end":{"line":16,"column":null}},"type":"if","locations":[{"start":{"line":10,"column":2},"end":{"line":16,"column":null}},{"start":{"line":10,"column":2},"end":{"line":16,"column":null}}]}},"s":{"0":0,"1":0,"2":0,"3":0,"4":0,"5":0,"6":0,"7":0,"8":0,"9":0,"10":0},"f":{"0":0},"b":{"0":[0],"1":[0,0]}}
,"C:\\Users\\Patrick\\Documents\\Projects\\complex-js\\methods\\sar.ts": {"path":"C:\\Users\\Patrick\\Documents\\Projects\\complex-js\\methods\\sar.ts","statementMap":{"0":{"start":{"line":3,"column":0},"end":{"line":3,"column":32}},"1":{"start":{"line":4,"column":0},"end":{"line":4,"column":32}},"2":{"start":{"line":10,"column":2},"end":{"line":16,"column":null}},"3":{"start":{"line":11,"column":4},"end":{"line":11,"column":16}},"4":{"start":{"line":12,"column":4},"end":{"line":12,"column":16}},"5":{"start":{"line":14,"column":4},"end":{"line":14,"column":25}},"6":{"start":{"line":15,"column":4},"end":{"line":15,"column":25}},"7":{"start":{"line":18,"column":18},"end":{"line":18,"column":30}},"8":{"start":{"line":19,"column":18},"end":{"line":19,"column":30}},"9":{"start":{"line":21,"column":2},"end":{"line":27,"column":4}},"10":{"start":{"line":6,"column":0},"end":{"line":6,"column":24}}},"fnMap":{"0":{"name":"sar","decl":{"start":{"line":6,"column":24},"end":{"line":6,"column":27}},"loc":{"start":{"line":6,"column":124},"end":{"line":28,"column":1}}}},"branchMap":{"0":{"loc":{"start":{"line":6,"column":123},"end":{"line":6,"column":124}},"type":"default-arg","locations":[{"start":{"line":6,"column":123},"end":{"line":6,"column":124}}]},"1":{"loc":{"start":{"line":10,"column":2},"end":{"line":16,"column":null}},"type":"if","locations":[{"start":{"line":10,"column":2},"end":{"line":16,"column":null}},{"start":{"line":10,"column":2},"end":{"line":16,"column":null}}]}},"s":{"0":0,"1":0,"2":0,"3":0,"4":0,"5":0,"6":0,"7":0,"8":0,"9":0,"10":0},"f":{"0":0},"b":{"0":[0],"1":[0,0]}}
,"C:\\Users\\Patrick\\Documents\\Projects\\complex-js\\methods\\shr.ts": {"path":"C:\\Users\\Patrick\\Documents\\Projects\\complex-js\\methods\\shr.ts","statementMap":{"0":{"start":{"line":3,"column":0},"end":{"line":3,"column":32}},"1":{"start":{"line":4,"column":0},"end":{"line":4,"column":32}},"2":{"start":{"line":10,"column":2},"end":{"line":16,"column":null}},"3":{"start":{"line":11,"column":4},"end":{"line":11,"column":16}},"4":{"start":{"line":12,"column":4},"end":{"line":12,"column":16}},"5":{"start":{"line":14,"column":4},"end":{"line":14,"column":25}},"6":{"start":{"line":15,"column":4},"end":{"line":15,"column":25}},"7":{"start":{"line":18,"column":18},"end":{"line":18,"column":30}},"8":{"start":{"line":19,"column":18},"end":{"line":19,"column":30}},"9":{"start":{"line":21,"column":2},"end":{"line":27,"column":4}},"10":{"start":{"line":6,"column":0},"end":{"line":6,"column":24}}},"fnMap":{"0":{"name":"shr","decl":{"start":{"line":6,"column":24},"end":{"line":6,"column":27}},"loc":{"start":{"line":6,"column":124},"end":{"line":28,"column":1}}}},"branchMap":{"0":{"loc":{"start":{"line":6,"column":123},"end":{"line":6,"column":124}},"type":"default-arg","locations":[{"start":{"line":6,"column":123},"end":{"line":6,"column":124}}]},"1":{"loc":{"start":{"line":10,"column":2},"end":{"line":16,"column":null}},"type":"if","locations":[{"start":{"line":10,"column":2},"end":{"line":16,"column":null}},{"start":{"line":10,"column":2},"end":{"line":16,"column":null}}]}},"s":{"0":0,"1":0,"2":0,"3":0,"4":0,"5":0,"6":0,"7":0,"8":0,"9":0,"10":0},"f":{"0":0},"b":{"0":[0],"1":[0,0]}}
,"C:\\Users\\Patrick\\Documents\\Projects\\complex-js\\methods\\sub.ts": {"path":"C:\\Users\\Patrick\\Documents\\Projects\\complex-js\\methods\\sub.ts","statementMap":{"0":{"start":{"line":3,"column":0},"end":{"line":3,"column":32}},"1":{"start":{"line":4,"column":0},"end":{"line":4,"column":32}},"2":{"start":{"line":10,"column":2},"end":{"line":16,"column":null}},"3":{"start":{"line":11,"column":4},"end":{"line":11,"column":16}},"4":{"start":{"line":12,"column":4},"end":{"line":12,"column":16}},"5":{"start":{"line":14,"column":4},"end":{"line":14,"column":25}},"6":{"start":{"line":15,"column":4},"end":{"line":15,"column":25}},"7":{"start":{"line":18,"column":18},"end":{"line":18,"column":30}},"8":{"start":{"line":19,"column":18},"end":{"line":19,"column":30}},"9":{"start":{"line":21,"column":2},"end":{"line":27,"column":4}},"10":{"start":{"line":6,"column":0},"end":{"line":6,"column":24}}},"fnMap":{"0":{"name":"sub","decl":{"start":{"line":6,"column":24},"end":{"line":6,"column":27}},"loc":{"start":{"line":6,"column":124},"end":{"line":28,"column":1}}}},"branchMap":{"0":{"loc":{"start":{"line":6,"column":123},"end":{"line":6,"column":124}},"type":"default-arg","locations":[{"start":{"line":6,"column":123},"end":{"line":6,"column":124}}]},"1":{"loc":{"start":{"line":10,"column":2},"end":{"line":16,"column":null}},"type":"if","locations":[{"start":{"line":10,"column":2},"end":{"line":16,"column":null}},{"start":{"line":10,"column":2},"end":{"line":16,"column":null}}]}},"s":{"0":0,"1":0,"2":0,"3":0,"4":0,"5":0,"6":0,"7":0,"8":0,"9":0,"10":0},"f":{"0":0},"b":{"0":[0],"1":[0,0]}}
,"C:\\Users\\Patrick\\Documents\\Projects\\complex-js\\methods\\toString.ts": {"path":"C:\\Users\\Patrick\\Documents\\Projects\\complex-js\\methods\\toString.ts","statementMap":{"0":{"start":{"line":2,"column":0},"end":{"line":2,"column":30}},"1":{"start":{"line":3,"column":0},"end":{"line":3,"column":30}},"2":{"start":{"line":4,"column":0},"end":{"line":4,"column":32}},"3":{"start":{"line":5,"column":0},"end":{"line":5,"column":32}},"4":{"start":{"line":21,"column":17},"end":{"line":21,"column":27}},"5":{"start":{"line":22,"column":17},"end":{"line":22,"column":76}},"6":{"start":{"line":25,"column":2},"end":{"line":27,"column":40}},"7":{"start":{"line":24,"column":0},"end":{"line":24,"column":24}},"8":{"start":{"line":31,"column":2},"end":{"line":34,"column":null}},"9":{"start":{"line":32,"column":14},"end":{"line":32,"column":31}},"10":{"start":{"line":33,"column":14},"end":{"line":33,"column":36}},"11":{"start":{"line":38,"column":2},"end":{"line":49,"column":4}},"12":{"start":{"line":39,"column":4},"end":{"line":48,"column":7}},"13":{"start":{"line":53,"column":2},"end":{"line":53,"column":46}},"14":{"start":{"line":56,"column":4},"end":{"line":61,"column":null}},"15":{"start":{"line":57,"column":16},"end":{"line":57,"column":34}},"16":{"start":{"line":58,"column":16},"end":{"line":58,"column":34}},"17":{"start":{"line":59,"column":16},"end":{"line":59,"column":33}},"18":{"start":{"line":60,"column":16},"end":{"line":60,"column":33}},"19":{"start":{"line":65,"column":4},"end":{"line":71,"column":null}},"20":{"start":{"line":66,"column":16},"end":{"line":66,"column":54}},"21":{"start":{"line":67,"column":16},"end":{"line":67,"column":54}},"22":{"start":{"line":68,"column":16},"end":{"line":68,"column":39}},"23":{"start":{"line":69,"column":16},"end":{"line":69,"column":39}},"24":{"start":{"line":70,"column":15},"end":{"line":70,"column":39}},"25":{"start":{"line":75,"column":19},"end":{"line":75,"column":35}},"26":{"start":{"line":76,"column":18},"end":{"line":76,"column":38}},"27":{"start":{"line":78,"column":4},"end":{"line":78,"column":34}},"28":{"start":{"line":78,"column":23},"end":{"line":78,"column":34}},"29":{"start":{"line":80,"column":4},"end":{"line":84,"column":null}},"30":{"start":{"line":81,"column":6},"end":{"line":81,"column":35}},"31":{"start":{"line":81,"column":24},"end":{"line":81,"column":35}},"32":{"start":{"line":83,"column":6},"end":{"line":83,"column":44}},"33":{"start":{"line":86,"column":19},"end":{"line":86,"column":37}},"34":{"start":{"line":87,"column":19},"end":{"line":87,"column":47}},"35":{"start":{"line":88,"column":19},"end":{"line":88,"column":47}},"36":{"start":{"line":90,"column":4},"end":{"line":90,"column":66}},"37":{"start":{"line":94,"column":4},"end":{"line":96,"column":null}},"38":{"start":{"line":95,"column":6},"end":{"line":95,"column":56}},"39":{"start":{"line":98,"column":4},"end":{"line":100,"column":null}},"40":{"start":{"line":99,"column":6},"end":{"line":99,"column":58}},"41":{"start":{"line":102,"column":4},"end":{"line":104,"column":null}},"42":{"start":{"line":103,"column":6},"end":{"line":103,"column":58}},"43":{"start":{"line":106,"column":4},"end":{"line":106,"column":75}},"44":{"start":{"line":110,"column":4},"end":{"line":112,"column":null}},"45":{"start":{"line":111,"column":6},"end":{"line":111,"column":17}},"46":{"start":{"line":114,"column":4},"end":{"line":114,"column":21}},"47":{"start":{"line":118,"column":4},"end":{"line":120,"column":null}},"48":{"start":{"line":119,"column":6},"end":{"line":119,"column":17}},"49":{"start":{"line":122,"column":17},"end":{"line":122,"column":35}},"50":{"start":{"line":124,"column":4},"end":{"line":126,"column":null}},"51":{"start":{"line":125,"column":6},"end":{"line":125,"column":24}},"52":{"start":{"line":128,"column":4},"end":{"line":128,"column":37}}},"fnMap":{"0":{"name":"toString","decl":{"start":{"line":24,"column":24},"end":{"line":24,"column":32}},"loc":{"start":{"line":24,"column":60},"end":{"line":28,"column":1}}},"1":{"name":"replaceCoord","decl":{"start":{"line":30,"column":9},"end":{"line":30,"column":21}},"loc":{"start":{"line":30,"column":52},"end":{"line":35,"column":1}}},"2":{"name":"replaceParts","decl":{"start":{"line":37,"column":9},"end":{"line":37,"column":21}},"loc":{"start":{"line":37,"column":34},"end":{"line":50,"column":1}}},"3":{"name":"(anonymous_4)","decl":{"start":{"line":38,"column":9},"end":{"line":38,"column":10}},"loc":{"start":{"line":38,"column":57},"end":{"line":49,"column":3}}},"4":{"name":"stringify","decl":{"start":{"line":52,"column":9},"end":{"line":52,"column":18}},"loc":{"start":{"line":52,"column":48},"end":{"line":130,"column":1}}},"5":{"name":"specifier","decl":{"start":{"line":55,"column":11},"end":{"line":55,"column":20}},"loc":{"start":{"line":55,"column":20},"end":{"line":62,"column":3}}},"6":{"name":"radix","decl":{"start":{"line":64,"column":11},"end":{"line":64,"column":16}},"loc":{"start":{"line":64,"column":29},"end":{"line":72,"column":3}}},"7":{"name":"precision","decl":{"start":{"line":74,"column":11},"end":{"line":74,"column":20}},"loc":{"start":{"line":74,"column":33},"end":{"line":91,"column":3}}},"8":{"name":"width","decl":{"start":{"line":93,"column":11},"end":{"line":93,"column":16}},"loc":{"start":{"line":93,"column":29},"end":{"line":107,"column":3}}},"9":{"name":"plus","decl":{"start":{"line":109,"column":11},"end":{"line":109,"column":15}},"loc":{"start":{"line":109,"column":28},"end":{"line":115,"column":3}}},"10":{"name":"pound","decl":{"start":{"line":117,"column":11},"end":{"line":117,"column":16}},"loc":{"start":{"line":117,"column":29},"end":{"line":129,"column":3}}}},"branchMap":{"0":{"loc":{"start":{"line":24,"column":56},"end":{"line":24,"column":60}},"type":"default-arg","locations":[{"start":{"line":24,"column":56},"end":{"line":24,"column":60}}]},"1":{"loc":{"start":{"line":32,"column":4},"end":{"line":32,"column":31}},"type":"switch","locations":[{"start":{"line":32,"column":4},"end":{"line":32,"column":31}},{"start":{"line":33,"column":4},"end":{"line":33,"column":36}}]},"2":{"loc":{"start":{"line":43,"column":17},"end":{"line":43,"column":26}},"type":"binary-expr","locations":[{"start":{"line":43,"column":17},"end":{"line":43,"column":26}},{"start":{"line":43,"column":30},"end":{"line":43,"column":49}}]},"3":{"loc":{"start":{"line":57,"column":6},"end":{"line":57,"column":34}},"type":"switch","locations":[{"start":{"line":57,"column":6},"end":{"line":57,"column":34}},{"start":{"line":58,"column":6},"end":{"line":58,"column":34}},{"start":{"line":59,"column":6},"end":{"line":59,"column":33}},{"start":{"line":60,"column":6},"end":{"line":60,"column":33}}]},"4":{"loc":{"start":{"line":66,"column":6},"end":{"line":66,"column":54}},"type":"switch","locations":[{"start":{"line":66,"column":6},"end":{"line":66,"column":54}},{"start":{"line":67,"column":6},"end":{"line":67,"column":54}},{"start":{"line":68,"column":6},"end":{"line":68,"column":39}},{"start":{"line":69,"column":6},"end":{"line":69,"column":39}},{"start":{"line":70,"column":6},"end":{"line":70,"column":39}}]},"5":{"loc":{"start":{"line":78,"column":4},"end":{"line":78,"column":34}},"type":"if","locations":[{"start":{"line":78,"column":4},"end":{"line":78,"column":34}},{"start":{"line":78,"column":4},"end":{"line":78,"column":34}}]},"6":{"loc":{"start":{"line":80,"column":4},"end":{"line":84,"column":null}},"type":"if","locations":[{"start":{"line":80,"column":4},"end":{"line":84,"column":null}},{"start":{"line":80,"column":4},"end":{"line":84,"column":null}}]},"7":{"loc":{"start":{"line":81,"column":6},"end":{"line":81,"column":35}},"type":"if","locations":[{"start":{"line":81,"column":6},"end":{"line":81,"column":35}},{"start":{"line":81,"column":6},"end":{"line":81,"column":35}}]},"8":{"loc":{"start":{"line":94,"column":4},"end":{"line":96,"column":null}},"type":"if","locations":[{"start":{"line":94,"column":4},"end":{"line":96,"column":null}},{"start":{"line":94,"column":4},"end":{"line":96,"column":null}}]},"9":{"loc":{"start":{"line":98,"column":4},"end":{"line":100,"column":null}},"type":"if","locations":[{"start":{"line":98,"column":4},"end":{"line":100,"column":null}},{"start":{"line":98,"column":4},"end":{"line":100,"column":null}}]},"10":{"loc":{"start":{"line":102,"column":4},"end":{"line":104,"column":null}},"type":"if","locations":[{"start":{"line":102,"column":4},"end":{"line":104,"column":null}},{"start":{"line":102,"column":4},"end":{"line":104,"column":null}}]},"11":{"loc":{"start":{"line":110,"column":4},"end":{"line":112,"column":null}},"type":"if","locations":[{"start":{"line":110,"column":4},"end":{"line":112,"column":null}},{"start":{"line":110,"column":4},"end":{"line":112,"column":null}}]},"12":{"loc":{"start":{"line":110,"column":8},"end":{"line":110,"column":20}},"type":"binary-expr","locations":[{"start":{"line":110,"column":8},"end":{"line":110,"column":20}},{"start":{"line":110,"column":24},"end":{"line":110,"column":43}}]},"13":{"loc":{"start":{"line":118,"column":4},"end":{"line":120,"column":null}},"type":"if","locations":[{"start":{"line":118,"column":4},"end":{"line":120,"column":null}},{"start":{"line":118,"column":4},"end":{"line":120,"column":null}}]},"14":{"loc":{"start":{"line":118,"column":8},"end":{"line":118,"column":21}},"type":"binary-expr","locations":[{"start":{"line":118,"column":8},"end":{"line":118,"column":21}},{"start":{"line":118,"column":25},"end":{"line":118,"column":38}}]},"15":{"loc":{"start":{"line":124,"column":4},"end":{"line":126,"column":null}},"type":"if","locations":[{"start":{"line":124,"column":4},"end":{"line":126,"column":null}},{"start":{"line":124,"column":4},"end":{"line":126,"column":null}}]}},"s":{"0":0,"1":0,"2":0,"3":0,"4":0,"5":0,"6":0,"7":0,"8":0,"9":0,"10":0,"11":0,"12":0,"13":0,"14":0,"15":0,"16":0,"17":0,"18":0,"19":0,"20":0,"21":0,"22":0,"23":0,"24":0,"25":0,"26":0,"27":0,"28":0,"29":0,"30":0,"31":0,"32":0,"33":0,"34":0,"35":0,"36":0,"37":0,"38":0,"39":0,"40":0,"41":0,"42":0,"43":0,"44":0,"45":0,"46":0,"47":0,"48":0,"49":0,"50":0,"51":0,"52":0},"f":{"0":0,"1":0,"2":0,"3":0,"4":0,"5":0,"6":0,"7":0,"8":0,"9":0,"10":0},"b":{"0":[0],"1":[0,0],"2":[0,0],"3":[0,0,0,0],"4":[0,0,0,0,0],"5":[0,0],"6":[0,0],"7":[0,0],"8":[0,0],"9":[0,0],"10":[0,0],"11":[0,0],"12":[0,0],"13":[0,0],"14":[0,0],"15":[0,0]}}
,"C:\\Users\\Patrick\\Documents\\Projects\\complex-js\\methods\\xor.ts": {"path":"C:\\Users\\Patrick\\Documents\\Projects\\complex-js\\methods\\xor.ts","statementMap":{"0":{"start":{"line":3,"column":0},"end":{"line":3,"column":32}},"1":{"start":{"line":4,"column":0},"end":{"line":4,"column":32}},"2":{"start":{"line":10,"column":2},"end":{"line":16,"column":null}},"3":{"start":{"line":11,"column":4},"end":{"line":11,"column":16}},"4":{"start":{"line":12,"column":4},"end":{"line":12,"column":16}},"5":{"start":{"line":14,"column":4},"end":{"line":14,"column":25}},"6":{"start":{"line":15,"column":4},"end":{"line":15,"column":25}},"7":{"start":{"line":18,"column":18},"end":{"line":18,"column":30}},"8":{"start":{"line":19,"column":18},"end":{"line":19,"column":30}},"9":{"start":{"line":21,"column":2},"end":{"line":27,"column":4}},"10":{"start":{"line":6,"column":0},"end":{"line":6,"column":24}}},"fnMap":{"0":{"name":"xor","decl":{"start":{"line":6,"column":24},"end":{"line":6,"column":27}},"loc":{"start":{"line":6,"column":124},"end":{"line":28,"column":1}}}},"branchMap":{"0":{"loc":{"start":{"line":6,"column":123},"end":{"line":6,"column":124}},"type":"default-arg","locations":[{"start":{"line":6,"column":123},"end":{"line":6,"column":124}}]},"1":{"loc":{"start":{"line":10,"column":2},"end":{"line":16,"column":null}},"type":"if","locations":[{"start":{"line":10,"column":2},"end":{"line":16,"column":null}},{"start":{"line":10,"column":2},"end":{"line":16,"column":null}}]}},"s":{"0":0,"1":0,"2":0,"3":0,"4":0,"5":0,"6":0,"7":0,"8":0,"9":0,"10":0},"f":{"0":0},"b":{"0":[0],"1":[0,0]}}
}
