TN:
SF:complex.ts
FN:307,(anonymous_1)
FN:77,(anonymous_2)
FN:81,(anonymous_3)
FN:85,(anonymous_4)
FN:91,(anonymous_5)
FN:97,(anonymous_6)
FN:103,(anonymous_7)
FN:109,(anonymous_8)
FN:115,(anonymous_9)
FN:121,(anonymous_10)
FN:127,(anonymous_11)
FN:133,(anonymous_12)
FN:139,(anonymous_13)
FN:145,(anonymous_14)
FN:151,(anonymous_15)
FN:157,(anonymous_16)
FN:161,(anonymous_17)
FN:167,(anonymous_18)
FN:173,(anonymous_19)
FN:179,(anonymous_20)
FN:185,(anonymous_21)
FN:191,(anonymous_22)
FN:197,(anonymous_23)
FN:203,(anonymous_24)
FN:209,(anonymous_25)
FN:215,(anonymous_26)
FN:221,(anonymous_27)
FN:227,(anonymous_28)
FN:233,(anonymous_29)
FN:239,(anonymous_30)
FN:245,(anonymous_31)
FN:251,(anonymous_32)
FN:257,(anonymous_33)
FN:263,(anonymous_34)
FN:269,(anonymous_35)
FN:273,(anonymous_36)
FN:279,(anonymous_37)
FN:317,(anonymous_38)
FN:321,(anonymous_39)
FN:325,(anonymous_40)
FN:329,(anonymous_41)
FN:333,(anonymous_42)
FN:339,(anonymous_43)
FN:345,(anonymous_44)
FN:351,(anonymous_45)
FN:357,(anonymous_46)
FN:363,(anonymous_47)
FN:369,(anonymous_48)
FN:375,(anonymous_49)
FN:381,(anonymous_50)
FN:387,(anonymous_51)
FN:393,(anonymous_52)
FN:399,(anonymous_53)
FN:404,(anonymous_54)
FN:410,(anonymous_55)
FN:416,(anonymous_56)
FNF:56
FNH:0
FNDA:0,(anonymous_1)
FNDA:0,(anonymous_2)
FNDA:0,(anonymous_3)
FNDA:0,(anonymous_4)
FNDA:0,(anonymous_5)
FNDA:0,(anonymous_6)
FNDA:0,(anonymous_7)
FNDA:0,(anonymous_8)
FNDA:0,(anonymous_9)
FNDA:0,(anonymous_10)
FNDA:0,(anonymous_11)
FNDA:0,(anonymous_12)
FNDA:0,(anonymous_13)
FNDA:0,(anonymous_14)
FNDA:0,(anonymous_15)
FNDA:0,(anonymous_16)
FNDA:0,(anonymous_17)
FNDA:0,(anonymous_18)
FNDA:0,(anonymous_19)
FNDA:0,(anonymous_20)
FNDA:0,(anonymous_21)
FNDA:0,(anonymous_22)
FNDA:0,(anonymous_23)
FNDA:0,(anonymous_24)
FNDA:0,(anonymous_25)
FNDA:0,(anonymous_26)
FNDA:0,(anonymous_27)
FNDA:0,(anonymous_28)
FNDA:0,(anonymous_29)
FNDA:0,(anonymous_30)
FNDA:0,(anonymous_31)
FNDA:0,(anonymous_32)
FNDA:0,(anonymous_33)
FNDA:0,(anonymous_34)
FNDA:0,(anonymous_35)
FNDA:0,(anonymous_36)
FNDA:0,(anonymous_37)
FNDA:0,(anonymous_38)
FNDA:0,(anonymous_39)
FNDA:0,(anonymous_40)
FNDA:0,(anonymous_41)
FNDA:0,(anonymous_42)
FNDA:0,(anonymous_43)
FNDA:0,(anonymous_44)
FNDA:0,(anonymous_45)
FNDA:0,(anonymous_46)
FNDA:0,(anonymous_47)
FNDA:0,(anonymous_48)
FNDA:0,(anonymous_49)
FNDA:0,(anonymous_50)
FNDA:0,(anonymous_51)
FNDA:0,(anonymous_52)
FNDA:0,(anonymous_53)
FNDA:0,(anonymous_54)
FNDA:0,(anonymous_55)
FNDA:0,(anonymous_56)
DA:1,0
DA:2,0
DA:3,0
DA:4,0
DA:5,0
DA:6,0
DA:7,0
DA:8,0
DA:9,0
DA:10,0
DA:11,0
DA:12,0
DA:13,0
DA:14,0
DA:15,0
DA:16,0
DA:17,0
DA:18,0
DA:19,0
DA:20,0
DA:21,0
DA:22,0
DA:23,0
DA:24,0
DA:25,0
DA:26,0
DA:27,0
DA:28,0
DA:29,0
DA:30,0
DA:31,0
DA:32,0
DA:33,0
DA:34,0
DA:35,0
DA:37,0
DA:38,0
DA:39,0
DA:40,0
DA:41,0
DA:42,0
DA:43,0
DA:44,0
DA:45,0
DA:46,0
DA:47,0
DA:48,0
DA:49,0
DA:50,0
DA:51,0
DA:52,0
DA:53,0
DA:54,0
DA:62,0
DA:63,0
DA:64,0
DA:65,0
DA:66,0
DA:67,0
DA:68,0
DA:69,0
DA:70,0
DA:71,0
DA:72,0
DA:73,0
DA:78,0
DA:82,0
DA:86,0
DA:92,0
DA:98,0
DA:104,0
DA:110,0
DA:116,0
DA:122,0
DA:128,0
DA:134,0
DA:140,0
DA:146,0
DA:152,0
DA:158,0
DA:162,0
DA:168,0
DA:174,0
DA:180,0
DA:186,0
DA:192,0
DA:198,0
DA:204,0
DA:210,0
DA:216,0
DA:222,0
DA:228,0
DA:234,0
DA:240,0
DA:246,0
DA:252,0
DA:258,0
DA:264,0
DA:270,0
DA:274,0
DA:280,0
DA:309,0
DA:310,0
DA:311,0
DA:313,0
DA:314,0
DA:318,0
DA:322,0
DA:326,0
DA:330,0
DA:334,0
DA:340,0
DA:346,0
DA:352,0
DA:358,0
DA:364,0
DA:370,0
DA:376,0
DA:382,0
DA:388,0
DA:394,0
DA:400,0
DA:405,0
DA:411,0
DA:417,0
LF:125
LH:0
BRDA:81,0,0,0
BRF:1
BRH:0
end_of_record
TN:
SF:compiler\binary.ts
FNF:0
FNH:0
DA:1,0
DA:2,0
DA:3,0
DA:4,0
DA:5,0
DA:6,0
DA:7,0
DA:8,0
DA:9,0
DA:10,0
DA:11,0
DA:12,0
DA:14,0
LF:13
LH:0
BRF:0
BRH:0
end_of_record
TN:
SF:compiler\call.ts
FNF:0
FNH:0
DA:1,0
DA:2,0
DA:3,0
DA:4,0
DA:5,0
DA:6,0
DA:7,0
DA:8,0
DA:9,0
DA:10,0
DA:11,0
DA:12,0
DA:13,0
DA:14,0
DA:15,0
DA:16,0
DA:17,0
DA:18,0
DA:19,0
DA:20,0
DA:21,0
DA:22,0
DA:23,0
DA:24,0
DA:25,0
DA:26,0
DA:27,0
DA:28,0
DA:29,0
DA:31,0
LF:30
LH:0
BRF:0
BRH:0
end_of_record
TN:
SF:compiler\compile.ts
FN:5,compile
FN:13,(anonymous_2)
FN:18,(anonymous_3)
FNF:3
FNH:0
FNDA:0,compile
FNDA:0,(anonymous_2)
FNDA:0,(anonymous_3)
DA:3,0
DA:5,0
DA:10,0
DA:12,0
DA:13,0
DA:16,0
DA:18,0
LF:7
LH:0
BRDA:12,0,0,0
BRDA:12,0,1,0
BRF:2
BRH:0
end_of_record
TN:
SF:compiler\expressions.ts
FN:17,isConstant
FN:21,areConstant
FN:27,(anonymous_3)
FN:30,(anonymous_4)
FN:33,(anonymous_5)
FN:37,isIndex
FN:42,throwInvalidIdentifierName
FN:46,(anonymous_8)
FN:50,(anonymous_9)
FN:50,(anonymous_10)
FN:59,throwInvalidCallExpression
FN:63,concat
FN:67,(anonymous_13)
FN:75,(anonymous_14)
FN:77,(anonymous_15)
FN:83,(anonymous_16)
FN:88,(anonymous_17)
FN:91,(anonymous_18)
FN:95,(anonymous_19)
FN:104,(anonymous_20)
FN:107,(anonymous_21)
FN:114,(anonymous_22)
FN:117,(anonymous_23)
FN:121,(anonymous_24)
FN:124,(anonymous_25)
FN:132,(anonymous_26)
FN:135,(anonymous_27)
FNF:27
FNH:0
FNDA:0,isConstant
FNDA:0,areConstant
FNDA:0,(anonymous_3)
FNDA:0,(anonymous_4)
FNDA:0,(anonymous_5)
FNDA:0,isIndex
FNDA:0,throwInvalidIdentifierName
FNDA:0,(anonymous_8)
FNDA:0,(anonymous_9)
FNDA:0,(anonymous_10)
FNDA:0,throwInvalidCallExpression
FNDA:0,concat
FNDA:0,(anonymous_13)
FNDA:0,(anonymous_14)
FNDA:0,(anonymous_15)
FNDA:0,(anonymous_16)
FNDA:0,(anonymous_17)
FNDA:0,(anonymous_18)
FNDA:0,(anonymous_19)
FNDA:0,(anonymous_20)
FNDA:0,(anonymous_21)
FNDA:0,(anonymous_22)
FNDA:0,(anonymous_23)
FNDA:0,(anonymous_24)
FNDA:0,(anonymous_25)
FNDA:0,(anonymous_26)
FNDA:0,(anonymous_27)
DA:1,0
DA:3,0
DA:4,0
DA:5,0
DA:18,0
DA:22,0
DA:27,0
DA:28,0
DA:30,0
DA:31,0
DA:33,0
DA:38,0
DA:39,0
DA:43,0
DA:46,0
DA:47,0
DA:48,0
DA:50,0
DA:51,0
DA:52,0
DA:55,0
DA:60,0
DA:64,0
DA:67,0
DA:68,0
DA:69,0
DA:71,0
DA:72,0
DA:75,0
DA:76,0
DA:77,0
DA:79,0
DA:80,0
DA:83,0
DA:86,0
DA:88,0
DA:91,0
DA:92,0
DA:95,0
DA:99,0
DA:104,0
DA:105,0
DA:107,0
DA:108,0
DA:109,0
DA:111,0
DA:112,0
DA:114,0
DA:117,0
DA:121,0
DA:122,0
DA:124,0
DA:125,0
DA:126,0
DA:127,0
DA:129,0
DA:130,0
DA:132,0
DA:135,0
LF:59
LH:0
BRDA:39,0,0,0
BRDA:39,0,1,0
BRDA:51,1,0,0
BRDA:51,1,1,0
BRDA:71,2,0,0
BRDA:71,2,1,0
BRDA:79,3,0,0
BRDA:79,3,1,0
BRDA:111,4,0,0
BRDA:111,4,1,0
BRDA:129,5,0,0
BRDA:129,5,1,0
BRDA:129,6,0,0
BRDA:129,6,1,0
BRF:14
BRH:0
end_of_record
TN:
SF:compiler\generate.ts
FN:8,generate
FNF:1
FNH:0
FNDA:0,generate
DA:1,0
DA:4,0
DA:6,0
DA:8,0
DA:9,0
DA:10,0
DA:12,0
DA:14,0
DA:16,0
DA:17,0
DA:19,0
LF:11
LH:0
BRDA:13,0,0,0
BRDA:13,0,1,0
BRDA:13,0,2,0
BRF:3
BRH:0
end_of_record
TN:
SF:compiler\parse.ts
FN:5,parse
FNF:1
FNH:0
FNDA:0,parse
DA:3,0
DA:5,0
DA:6,0
DA:8,0
LF:4
LH:0
BRF:0
BRH:0
end_of_record
TN:
SF:compiler\unary.ts
FNF:0
FNH:0
DA:1,0
DA:2,0
DA:3,0
DA:7,0
LF:4
LH:0
BRF:0
BRH:0
end_of_record
TN:
SF:functions\abs.ts
FN:6,abs
FNF:1
FNH:1
FNDA:4,abs
DA:1,1
DA:4,1
DA:6,1
DA:7,4
DA:11,4
LF:5
LH:5
BRDA:6,0,0,3
BRDA:8,1,0,2
BRDA:8,1,1,2
BRF:3
BRH:3
end_of_record
TN:
SF:functions\acos.ts
FN:10,acos
FNF:1
FNH:0
FNDA:0,acos
DA:2,0
DA:3,0
DA:4,0
DA:5,0
DA:6,0
DA:7,0
DA:8,0
DA:10,0
DA:11,0
DA:12,0
DA:13,0
DA:15,0
DA:16,0
DA:17,0
DA:18,0
DA:19,0
DA:20,0
DA:21,0
DA:23,0
LF:19
LH:0
BRDA:10,0,0,0
BRF:1
BRH:0
end_of_record
TN:
SF:functions\acosh.ts
FN:8,acosh
FNF:1
FNH:0
FNDA:0,acosh
DA:2,0
DA:3,0
DA:4,0
DA:5,0
DA:6,0
DA:8,0
DA:9,0
DA:10,0
DA:12,0
DA:13,0
DA:14,0
DA:15,0
DA:16,0
DA:17,0
DA:19,0
LF:15
LH:0
BRDA:8,0,0,0
BRF:1
BRH:0
end_of_record
TN:
SF:functions\arg.ts
FN:6,arg
FNF:1
FNH:0
FNDA:0,arg
DA:1,0
DA:4,0
DA:6,0
DA:7,0
DA:11,0
LF:5
LH:0
BRDA:6,0,0,0
BRDA:8,1,0,0
BRDA:8,1,1,0
BRDA:15,2,0,0
BRDA:15,2,1,0
BRF:5
BRH:0
end_of_record
TN:
SF:functions\asin.ts
FN:10,asin
FNF:1
FNH:0
FNDA:0,asin
DA:2,0
DA:3,0
DA:4,0
DA:5,0
DA:6,0
DA:7,0
DA:8,0
DA:10,0
DA:11,0
DA:12,0
DA:13,0
DA:15,0
DA:16,0
DA:17,0
DA:18,0
DA:19,0
DA:20,0
DA:22,0
LF:18
LH:0
BRDA:10,0,0,0
BRF:1
BRH:0
end_of_record
TN:
SF:functions\asinh.ts
FN:8,asinh
FNF:1
FNH:0
FNDA:0,asinh
DA:2,0
DA:3,0
DA:4,0
DA:5,0
DA:6,0
DA:8,0
DA:9,0
DA:11,0
DA:12,0
DA:13,0
DA:14,0
DA:16,0
LF:12
LH:0
BRDA:8,0,0,0
BRF:1
BRH:0
end_of_record
TN:
SF:functions\atan.ts
FN:8,atan
FNF:1
FNH:0
FNDA:0,atan
DA:2,0
DA:3,0
DA:4,0
DA:5,0
DA:6,0
DA:8,0
DA:9,0
DA:10,0
DA:11,0
DA:13,0
DA:14,0
DA:15,0
DA:16,0
DA:17,0
DA:18,0
DA:20,0
LF:16
LH:0
BRDA:8,0,0,0
BRF:1
BRH:0
end_of_record
TN:
SF:functions\atanh.ts
FN:8,atanh
FNF:1
FNH:0
FNDA:0,atanh
DA:2,0
DA:3,0
DA:4,0
DA:5,0
DA:6,0
DA:8,0
DA:9,0
DA:10,0
DA:12,0
DA:13,0
DA:14,0
DA:15,0
DA:16,0
DA:18,0
LF:14
LH:0
BRDA:8,0,0,0
BRF:1
BRH:0
end_of_record
TN:
SF:functions\cbrt.ts
FN:8,cbrt
FNF:1
FNH:0
FNDA:0,cbrt
DA:1,0
DA:2,0
DA:5,0
DA:6,0
DA:8,0
DA:12,0
DA:13,0
DA:14,0
DA:16,0
DA:17,0
DA:20,0
LF:11
LH:0
BRDA:8,0,0,0
BRDA:12,1,0,0
BRDA:12,1,1,0
BRF:3
BRH:0
end_of_record
TN:
SF:functions\ceil.ts
FN:6,ceil
FNF:1
FNH:0
FNDA:0,ceil
DA:3,0
DA:4,0
DA:6,0
DA:10,0
DA:11,0
DA:12,0
DA:14,0
DA:15,0
DA:18,0
LF:9
LH:0
BRDA:6,0,0,0
BRDA:10,1,0,0
BRDA:10,1,1,0
BRF:3
BRH:0
end_of_record
TN:
SF:functions\conj.ts
FN:4,conj
FNF:1
FNH:0
FNDA:0,conj
DA:4,0
DA:11,0
DA:12,0
DA:13,0
DA:14,0
DA:15,0
DA:16,0
DA:18,0
DA:19,0
DA:20,0
DA:21,0
DA:22,0
DA:25,0
LF:13
LH:0
BRDA:4,0,0,0
BRDA:11,1,0,0
BRDA:11,1,1,0
BRF:3
BRH:0
end_of_record
TN:
SF:functions\cos.ts
FN:6,cos
FNF:1
FNH:0
FNDA:0,cos
DA:3,0
DA:4,0
DA:6,0
DA:10,0
DA:11,0
DA:12,0
DA:14,0
DA:15,0
DA:18,0
DA:19,0
DA:21,0
DA:30,0
DA:31,0
DA:33,0
DA:42,0
LF:15
LH:0
BRDA:6,0,0,0
BRDA:10,1,0,0
BRDA:10,1,1,0
BRDA:18,2,0,0
BRDA:18,2,1,0
BRDA:25,3,0,0
BRDA:25,3,1,0
BRDA:30,4,0,0
BRDA:30,4,1,0
BRDA:37,5,0,0
BRDA:37,5,1,0
BRF:11
BRH:0
end_of_record
TN:
SF:functions\cosh.ts
FN:6,cosh
FNF:1
FNH:0
FNDA:0,cosh
DA:3,0
DA:4,0
DA:6,0
DA:10,0
DA:11,0
DA:12,0
DA:14,0
DA:15,0
DA:18,0
DA:19,0
DA:21,0
DA:30,0
DA:31,0
DA:33,0
DA:42,0
LF:15
LH:0
BRDA:6,0,0,0
BRDA:10,1,0,0
BRDA:10,1,1,0
BRDA:18,2,0,0
BRDA:18,2,1,0
BRDA:25,3,0,0
BRDA:25,3,1,0
BRDA:30,4,0,0
BRDA:30,4,1,0
BRDA:37,5,0,0
BRDA:37,5,1,0
BRF:11
BRH:0
end_of_record
TN:
SF:functions\cube.ts
FN:4,cube
FNF:1
FNH:0
FNDA:0,cube
DA:4,0
DA:11,0
DA:12,0
DA:13,0
DA:14,0
DA:15,0
DA:16,0
DA:18,0
DA:19,0
DA:20,0
DA:21,0
DA:22,0
DA:25,0
DA:26,0
DA:29,0
DA:30,0
DA:32,0
LF:17
LH:0
BRDA:4,0,0,0
BRDA:11,1,0,0
BRDA:11,1,1,0
BRDA:25,2,0,0
BRDA:25,2,1,0
BRF:5
BRH:0
end_of_record
TN:
SF:functions\exp.ts
FN:6,exp
FNF:1
FNH:0
FNDA:0,exp
DA:3,0
DA:4,0
DA:6,0
DA:10,0
DA:11,0
DA:12,0
DA:14,0
DA:15,0
DA:18,0
LF:9
LH:0
BRDA:6,0,0,0
BRDA:10,1,0,0
BRDA:10,1,1,0
BRF:3
BRH:0
end_of_record
TN:
SF:functions\floor.ts
FN:6,floor
FNF:1
FNH:0
FNDA:0,floor
DA:3,0
DA:4,0
DA:6,0
DA:10,0
DA:11,0
DA:12,0
DA:14,0
DA:15,0
DA:18,0
LF:9
LH:0
BRDA:6,0,0,0
BRDA:10,1,0,0
BRDA:10,1,1,0
BRF:3
BRH:0
end_of_record
TN:
SF:functions\from.ts
FN:4,from
FNF:1
FNH:0
FNDA:0,from
DA:4,0
DA:11,0
DA:12,0
DA:13,0
DA:14,0
DA:15,0
DA:16,0
DA:20,0
DA:21,0
DA:22,0
DA:23,0
DA:24,0
DA:27,0
LF:13
LH:0
BRDA:4,0,0,0
BRDA:11,1,0,0
BRDA:11,1,1,0
BRDA:20,2,0,0
BRDA:20,2,1,0
BRDA:20,3,0,0
BRDA:20,3,1,0
BRDA:21,4,0,0
BRDA:21,4,1,0
BRDA:21,5,0,0
BRDA:21,5,1,0
BRDA:22,6,0,0
BRDA:22,6,1,0
BRDA:22,7,0,0
BRDA:22,7,1,0
BRDA:23,8,0,0
BRDA:23,8,1,0
BRDA:23,9,0,0
BRDA:23,9,1,0
BRF:19
BRH:0
end_of_record
TN:
SF:functions\imag.ts
FN:6,imag
FNF:1
FNH:0
FNDA:0,imag
DA:2,0
DA:4,0
DA:6,0
DA:7,0
DA:11,0
LF:5
LH:0
BRDA:6,0,0,0
BRDA:8,1,0,0
BRDA:8,1,1,0
BRDA:15,2,0,0
BRDA:15,2,1,0
BRF:5
BRH:0
end_of_record
TN:
SF:functions\log.ts
FN:8,log
FNF:1
FNH:0
FNDA:0,log
DA:1,0
DA:2,0
DA:5,0
DA:6,0
DA:8,0
DA:12,0
DA:13,0
DA:14,0
DA:16,0
DA:17,0
DA:20,0
LF:11
LH:0
BRDA:8,0,0,0
BRDA:12,1,0,0
BRDA:12,1,1,0
BRF:3
BRH:0
end_of_record
TN:
SF:functions\neg.ts
FN:4,neg
FNF:1
FNH:0
FNDA:0,neg
DA:4,0
DA:11,0
DA:12,0
DA:13,0
DA:14,0
DA:15,0
DA:16,0
DA:18,0
DA:19,0
DA:20,0
DA:21,0
DA:22,0
DA:25,0
LF:13
LH:0
BRDA:4,0,0,0
BRDA:11,1,0,0
BRDA:11,1,1,0
BRF:3
BRH:0
end_of_record
TN:
SF:functions\not.ts
FN:6,not
FNF:1
FNH:0
FNDA:0,not
DA:3,0
DA:4,0
DA:6,0
DA:10,0
DA:11,0
DA:12,0
DA:14,0
DA:15,0
DA:18,0
LF:9
LH:0
BRDA:6,0,0,0
BRDA:10,1,0,0
BRDA:10,1,1,0
BRF:3
BRH:0
end_of_record
TN:
SF:functions\polar.ts
FN:4,polar
FNF:1
FNH:0
FNDA:0,polar
DA:4,0
DA:8,0
DA:9,0
DA:10,0
DA:12,0
DA:13,0
DA:16,0
LF:7
LH:0
BRDA:4,0,0,0
BRDA:8,1,0,0
BRDA:8,1,1,0
BRF:3
BRH:0
end_of_record
TN:
SF:functions\random.ts
FN:4,random
FNF:1
FNH:0
FNDA:0,random
DA:4,0
DA:5,0
LF:2
LH:0
BRF:0
BRH:0
end_of_record
TN:
SF:functions\real.ts
FN:6,real
FNF:1
FNH:0
FNDA:0,real
DA:3,0
DA:4,0
DA:6,0
DA:7,0
DA:11,0
LF:5
LH:0
BRDA:6,0,0,0
BRDA:8,1,0,0
BRDA:8,1,1,0
BRDA:15,2,0,0
BRDA:15,2,1,0
BRF:5
BRH:0
end_of_record
TN:
SF:functions\round.ts
FN:6,round
FNF:1
FNH:0
FNDA:0,round
DA:3,0
DA:4,0
DA:6,0
DA:10,0
DA:11,0
DA:12,0
DA:14,0
DA:15,0
DA:18,0
LF:9
LH:0
BRDA:6,0,0,0
BRDA:10,1,0,0
BRDA:10,1,1,0
BRF:3
BRH:0
end_of_record
TN:
SF:functions\sign.ts
FN:8,sign
FNF:1
FNH:0
FNDA:0,sign
DA:1,0
DA:2,0
DA:5,0
DA:6,0
DA:8,0
DA:15,0
DA:16,0
DA:17,0
DA:18,0
DA:19,0
DA:20,0
DA:22,0
DA:23,0
DA:24,0
DA:25,0
DA:26,0
DA:29,0
DA:30,0
DA:33,0
DA:34,0
DA:37,0
DA:41,0
LF:22
LH:0
BRDA:8,0,0,0
BRDA:15,1,0,0
BRDA:15,1,1,0
BRDA:29,2,0,0
BRDA:29,2,1,0
BRDA:33,3,0,0
BRDA:33,3,1,0
BRDA:38,4,0,0
BRDA:38,4,1,0
BRF:9
BRH:0
end_of_record
TN:
SF:functions\sin.ts
FN:6,sin
FNF:1
FNH:0
FNDA:0,sin
DA:3,0
DA:4,0
DA:6,0
DA:10,0
DA:11,0
DA:12,0
DA:14,0
DA:15,0
DA:18,0
DA:19,0
DA:21,0
DA:30,0
DA:31,0
DA:33,0
DA:42,0
LF:15
LH:0
BRDA:6,0,0,0
BRDA:10,1,0,0
BRDA:10,1,1,0
BRDA:18,2,0,0
BRDA:18,2,1,0
BRDA:25,3,0,0
BRDA:25,3,1,0
BRDA:30,4,0,0
BRDA:30,4,1,0
BRDA:37,5,0,0
BRDA:37,5,1,0
BRF:11
BRH:0
end_of_record
TN:
SF:functions\sinh.ts
FN:6,sinh
FNF:1
FNH:0
FNDA:0,sinh
DA:3,0
DA:4,0
DA:6,0
DA:10,0
DA:11,0
DA:12,0
DA:14,0
DA:15,0
DA:18,0
DA:19,0
DA:21,0
DA:30,0
DA:31,0
DA:33,0
DA:42,0
LF:15
LH:0
BRDA:6,0,0,0
BRDA:10,1,0,0
BRDA:10,1,1,0
BRDA:18,2,0,0
BRDA:18,2,1,0
BRDA:25,3,0,0
BRDA:25,3,1,0
BRDA:30,4,0,0
BRDA:30,4,1,0
BRDA:37,5,0,0
BRDA:37,5,1,0
BRF:11
BRH:0
end_of_record
TN:
SF:functions\sqrt.ts
FN:8,sqrt
FNF:1
FNH:0
FNDA:0,sqrt
DA:1,0
DA:2,0
DA:5,0
DA:6,0
DA:8,0
DA:12,0
DA:13,0
DA:14,0
DA:16,0
DA:17,0
DA:20,0
LF:11
LH:0
BRDA:8,0,0,0
BRDA:12,1,0,0
BRDA:12,1,1,0
BRF:3
BRH:0
end_of_record
TN:
SF:functions\square.ts
FN:4,square
FNF:1
FNH:0
FNDA:0,square
DA:4,0
DA:11,0
DA:12,0
DA:13,0
DA:14,0
DA:15,0
DA:16,0
DA:18,0
DA:19,0
DA:20,0
DA:21,0
DA:22,0
DA:25,0
DA:26,0
DA:29,0
DA:30,0
DA:32,0
LF:17
LH:0
BRDA:4,0,0,0
BRDA:11,1,0,0
BRDA:11,1,1,0
BRDA:25,2,0,0
BRDA:25,2,1,0
BRF:5
BRH:0
end_of_record
TN:
SF:functions\tan.ts
FN:6,tan
FNF:1
FNH:0
FNDA:0,tan
DA:3,0
DA:4,0
DA:6,0
DA:10,0
DA:11,0
DA:12,0
DA:14,0
DA:15,0
DA:18,0
DA:19,0
DA:21,0
DA:30,0
DA:31,0
DA:33,0
DA:42,0
DA:44,0
LF:16
LH:0
BRDA:6,0,0,0
BRDA:10,1,0,0
BRDA:10,1,1,0
BRDA:18,2,0,0
BRDA:18,2,1,0
BRDA:25,3,0,0
BRDA:25,3,1,0
BRDA:30,4,0,0
BRDA:30,4,1,0
BRDA:37,5,0,0
BRDA:37,5,1,0
BRF:11
BRH:0
end_of_record
TN:
SF:functions\tanh.ts
FN:6,tanh
FNF:1
FNH:0
FNDA:0,tanh
DA:3,0
DA:4,0
DA:6,0
DA:10,0
DA:11,0
DA:12,0
DA:14,0
DA:15,0
DA:18,0
DA:19,0
DA:21,0
DA:30,0
DA:31,0
DA:33,0
DA:42,0
DA:44,0
LF:16
LH:0
BRDA:6,0,0,0
BRDA:10,1,0,0
BRDA:10,1,1,0
BRDA:18,2,0,0
BRDA:18,2,1,0
BRDA:25,3,0,0
BRDA:25,3,1,0
BRDA:30,4,0,0
BRDA:30,4,1,0
BRDA:37,5,0,0
BRDA:37,5,1,0
BRF:11
BRH:0
end_of_record
TN:
SF:functions\trunc.ts
FN:6,trunc
FNF:1
FNH:0
FNDA:0,trunc
DA:3,0
DA:4,0
DA:6,0
DA:10,0
DA:11,0
DA:12,0
DA:14,0
DA:15,0
DA:18,0
LF:9
LH:0
BRDA:6,0,0,0
BRDA:10,1,0,0
BRDA:10,1,1,0
BRF:3
BRH:0
end_of_record
TN:
SF:internal\absImpl.ts
FN:1,absImpl
FNF:1
FNH:1
FNDA:3,absImpl
DA:1,1
DA:2,3
LF:2
LH:2
BRDA:4,0,0,1
BRDA:4,0,1,2
BRDA:6,1,0,1
BRDA:6,1,1,1
BRF:4
BRH:4
end_of_record
TN:
SF:internal\argImpl.ts
FN:1,argImpl
FNF:1
FNH:0
FNDA:0,argImpl
DA:1,0
DA:2,0
LF:2
LH:0
BRDA:4,0,0,0
BRDA:4,0,1,0
BRDA:4,1,0,0
BRDA:4,1,1,0
BRDA:6,2,0,0
BRDA:6,2,1,0
BRDA:6,3,0,0
BRDA:6,3,1,0
BRF:8
BRH:0
end_of_record
TN:
SF:internal\imagImpl.ts
FN:1,imagImpl
FNF:1
FNH:0
FNDA:0,imagImpl
DA:1,0
DA:2,0
LF:2
LH:0
BRDA:4,0,0,0
BRDA:4,0,1,0
BRDA:4,1,0,0
BRDA:4,1,1,0
BRF:4
BRH:0
end_of_record
TN:
SF:internal\realImpl.ts
FN:1,realImpl
FNF:1
FNH:0
FNDA:0,realImpl
DA:1,0
DA:2,0
LF:2
LH:0
BRDA:4,0,0,0
BRDA:4,0,1,0
BRDA:6,1,0,0
BRDA:6,1,1,0
BRF:4
BRH:0
end_of_record
TN:
SF:methods\add.ts
FN:6,add
FNF:1
FNH:0
FNDA:0,add
DA:3,0
DA:4,0
DA:6,0
DA:10,0
DA:11,0
DA:12,0
DA:14,0
DA:15,0
DA:18,0
DA:19,0
DA:21,0
LF:11
LH:0
BRDA:6,0,0,0
BRDA:10,1,0,0
BRDA:10,1,1,0
BRF:3
BRH:0
end_of_record
TN:
SF:methods\and.ts
FN:6,and
FNF:1
FNH:0
FNDA:0,and
DA:3,0
DA:4,0
DA:6,0
DA:10,0
DA:11,0
DA:12,0
DA:14,0
DA:15,0
DA:18,0
DA:19,0
DA:21,0
LF:11
LH:0
BRDA:6,0,0,0
BRDA:10,1,0,0
BRDA:10,1,1,0
BRF:3
BRH:0
end_of_record
TN:
SF:methods\div.ts
FN:8,div
FNF:1
FNH:0
FNDA:0,div
DA:3,0
DA:4,0
DA:5,0
DA:6,0
DA:8,0
DA:9,0
DA:13,0
DA:16,0
DA:19,0
DA:20,0
DA:28,0
DA:29,0
DA:39,0
DA:40,0
DA:48,0
LF:15
LH:0
BRDA:8,0,0,0
BRDA:10,1,0,0
BRDA:10,1,1,0
BRDA:17,2,0,0
BRDA:17,2,1,0
BRDA:17,2,2,0
BRDA:17,2,3,0
BRDA:17,2,4,0
BRDA:17,2,5,0
BRDA:17,2,6,0
BRF:10
BRH:0
end_of_record
TN:
SF:methods\equals.ts
FN:5,equals
FNF:1
FNH:0
FNDA:0,equals
DA:2,0
DA:3,0
DA:5,0
DA:9,0
DA:10,0
DA:11,0
DA:13,0
DA:14,0
DA:17,0
DA:18,0
DA:20,0
LF:11
LH:0
BRDA:5,0,0,0
BRDA:9,1,0,0
BRDA:9,1,1,0
BRDA:20,2,0,0
BRDA:20,2,1,0
BRF:5
BRH:0
end_of_record
TN:
SF:methods\getAbs.ts
FN:5,getAbs
FNF:1
FNH:1
FNDA:2,getAbs
DA:1,1
DA:5,1
DA:6,2
DA:7,1
DA:8,1
DA:11,2
LF:6
LH:6
BRDA:6,0,0,1
BRDA:6,0,1,1
BRF:2
BRH:2
end_of_record
TN:
SF:methods\getArg.ts
FN:5,getArg
FNF:1
FNH:0
FNDA:0,getArg
DA:1,0
DA:5,0
DA:6,0
DA:7,0
DA:8,0
DA:11,0
LF:6
LH:0
BRDA:6,0,0,0
BRDA:6,0,1,0
BRF:2
BRH:0
end_of_record
TN:
SF:methods\getImag.ts
FN:5,getImag
FNF:1
FNH:0
FNDA:0,getImag
DA:2,0
DA:5,0
DA:6,0
DA:7,0
DA:8,0
DA:11,0
LF:6
LH:0
BRDA:6,0,0,0
BRDA:6,0,1,0
BRF:2
BRH:0
end_of_record
TN:
SF:methods\getReal.ts
FN:5,getReal
FNF:1
FNH:0
FNDA:0,getReal
DA:3,0
DA:5,0
DA:6,0
DA:7,0
DA:8,0
DA:11,0
LF:6
LH:0
BRDA:6,0,0,0
BRDA:6,0,1,0
BRF:2
BRH:0
end_of_record
TN:
SF:methods\mod.ts
FN:7,mod
FNF:1
FNH:0
FNDA:0,mod
DA:1,0
DA:3,0
DA:4,0
DA:5,0
DA:7,0
DA:9,0
DA:10,0
DA:12,0
LF:8
LH:0
BRDA:7,0,0,0
BRF:1
BRH:0
end_of_record
TN:
SF:methods\mul.ts
FN:8,mul
FNF:1
FNH:0
FNDA:0,mul
DA:3,0
DA:4,0
DA:5,0
DA:6,0
DA:8,0
DA:9,0
DA:13,0
DA:15,0
DA:20,0
DA:29,0
DA:37,0
LF:11
LH:0
BRDA:8,0,0,0
BRDA:10,1,0,0
BRDA:10,1,1,0
BRDA:16,2,0,0
BRDA:16,2,1,0
BRDA:16,2,2,0
BRDA:16,2,3,0
BRDA:16,2,4,0
BRDA:16,2,5,0
BRDA:16,2,6,0
BRF:10
BRH:0
end_of_record
TN:
SF:methods\or.ts
FN:6,or
FNF:1
FNH:0
FNDA:0,or
DA:3,0
DA:4,0
DA:6,0
DA:10,0
DA:11,0
DA:12,0
DA:14,0
DA:15,0
DA:18,0
DA:19,0
DA:21,0
LF:11
LH:0
BRDA:6,0,0,0
BRDA:10,1,0,0
BRDA:10,1,1,0
BRF:3
BRH:0
end_of_record
TN:
SF:methods\pow.ts
FN:12,pow
FNF:1
FNH:0
FNDA:0,pow
DA:1,0
DA:2,0
DA:3,0
DA:6,0
DA:7,0
DA:8,0
DA:9,0
DA:10,0
DA:12,0
DA:17,0
DA:18,0
DA:19,0
DA:21,0
DA:22,0
DA:25,0
DA:26,0
DA:27,0
DA:28,0
DA:29,0
DA:30,0
DA:31,0
DA:36,0
DA:37,0
DA:41,0
DA:42,0
DA:44,0
LF:26
LH:0
BRDA:12,0,0,0
BRDA:17,1,0,0
BRDA:17,1,1,0
BRDA:25,2,0,0
BRDA:25,2,1,0
BRDA:27,3,0,0
BRDA:27,3,1,0
BRDA:27,3,2,0
BRDA:27,3,3,0
BRDA:27,3,4,0
BRF:10
BRH:0
end_of_record
TN:
SF:methods\sal.ts
FN:6,sal
FNF:1
FNH:0
FNDA:0,sal
DA:3,0
DA:4,0
DA:6,0
DA:10,0
DA:11,0
DA:12,0
DA:14,0
DA:15,0
DA:18,0
DA:19,0
DA:21,0
LF:11
LH:0
BRDA:6,0,0,0
BRDA:10,1,0,0
BRDA:10,1,1,0
BRF:3
BRH:0
end_of_record
TN:
SF:methods\sar.ts
FN:6,sar
FNF:1
FNH:0
FNDA:0,sar
DA:3,0
DA:4,0
DA:6,0
DA:10,0
DA:11,0
DA:12,0
DA:14,0
DA:15,0
DA:18,0
DA:19,0
DA:21,0
LF:11
LH:0
BRDA:6,0,0,0
BRDA:10,1,0,0
BRDA:10,1,1,0
BRF:3
BRH:0
end_of_record
TN:
SF:methods\shr.ts
FN:6,shr
FNF:1
FNH:0
FNDA:0,shr
DA:3,0
DA:4,0
DA:6,0
DA:10,0
DA:11,0
DA:12,0
DA:14,0
DA:15,0
DA:18,0
DA:19,0
DA:21,0
LF:11
LH:0
BRDA:6,0,0,0
BRDA:10,1,0,0
BRDA:10,1,1,0
BRF:3
BRH:0
end_of_record
TN:
SF:methods\sub.ts
FN:6,sub
FNF:1
FNH:0
FNDA:0,sub
DA:3,0
DA:4,0
DA:6,0
DA:10,0
DA:11,0
DA:12,0
DA:14,0
DA:15,0
DA:18,0
DA:19,0
DA:21,0
LF:11
LH:0
BRDA:6,0,0,0
BRDA:10,1,0,0
BRDA:10,1,1,0
BRF:3
BRH:0
end_of_record
TN:
SF:methods\toString.ts
FN:24,toString
FN:30,replaceCoord
FN:37,replaceParts
FN:38,(anonymous_4)
FN:52,stringify
FN:55,specifier
FN:64,radix
FN:74,precision
FN:93,width
FN:109,plus
FN:117,pound
FNF:11
FNH:0
FNDA:0,toString
FNDA:0,replaceCoord
FNDA:0,replaceParts
FNDA:0,(anonymous_4)
FNDA:0,stringify
FNDA:0,specifier
FNDA:0,radix
FNDA:0,precision
FNDA:0,width
FNDA:0,plus
FNDA:0,pound
DA:2,0
DA:3,0
DA:4,0
DA:5,0
DA:21,0
DA:22,0
DA:24,0
DA:25,0
DA:31,0
DA:32,0
DA:33,0
DA:38,0
DA:39,0
DA:53,0
DA:56,0
DA:57,0
DA:58,0
DA:59,0
DA:60,0
DA:65,0
DA:66,0
DA:67,0
DA:68,0
DA:69,0
DA:70,0
DA:75,0
DA:76,0
DA:78,0
DA:80,0
DA:81,0
DA:83,0
DA:86,0
DA:87,0
DA:88,0
DA:90,0
DA:94,0
DA:95,0
DA:98,0
DA:99,0
DA:102,0
DA:103,0
DA:106,0
DA:110,0
DA:111,0
DA:114,0
DA:118,0
DA:119,0
DA:122,0
DA:124,0
DA:125,0
DA:128,0
LF:51
LH:0
BRDA:24,0,0,0
BRDA:32,1,0,0
BRDA:32,1,1,0
BRDA:43,2,0,0
BRDA:43,2,1,0
BRDA:57,3,0,0
BRDA:57,3,1,0
BRDA:57,3,2,0
BRDA:57,3,3,0
BRDA:66,4,0,0
BRDA:66,4,1,0
BRDA:66,4,2,0
BRDA:66,4,3,0
BRDA:66,4,4,0
BRDA:78,5,0,0
BRDA:78,5,1,0
BRDA:80,6,0,0
BRDA:80,6,1,0
BRDA:81,7,0,0
BRDA:81,7,1,0
BRDA:94,8,0,0
BRDA:94,8,1,0
BRDA:98,9,0,0
BRDA:98,9,1,0
BRDA:102,10,0,0
BRDA:102,10,1,0
BRDA:110,11,0,0
BRDA:110,11,1,0
BRDA:110,12,0,0
BRDA:110,12,1,0
BRDA:118,13,0,0
BRDA:118,13,1,0
BRDA:118,14,0,0
BRDA:118,14,1,0
BRDA:124,15,0,0
BRDA:124,15,1,0
BRF:36
BRH:0
end_of_record
TN:
SF:methods\xor.ts
FN:6,xor
FNF:1
FNH:0
FNDA:0,xor
DA:3,0
DA:4,0
DA:6,0
DA:10,0
DA:11,0
DA:12,0
DA:14,0
DA:15,0
DA:18,0
DA:19,0
DA:21,0
LF:11
LH:0
BRDA:6,0,0,0
BRDA:10,1,0,0
BRDA:10,1,1,0
BRF:3
BRH:0
end_of_record
